        -:    0:Source:/mnt/c/Users/urdad/lab6_7/repo.cpp
        -:    0:Graph:/mnt/c/Users/urdad/lab6_7/cmake-build-default-coverage/CMakeFiles/lab6_7.dir/repo.cpp.gcno
        -:    0:Data:/mnt/c/Users/urdad/lab6_7/cmake-build-default-coverage/CMakeFiles/lab6_7.dir/repo.cpp.gcda
        -:    0:Runs:1
        -:    1:#include "repo.h"
        -:    2:#include<fstream>
        -:    3:#include<iostream>
        -:    4:#include<sstream>
        -:    5:
function _ZN4Repo6adaugaERK4Film called 25 returned 96% blocks executed 67%
       25:    6:void Repo::adauga(const Film& film) {
       25:    7:    auto it = std::find(filme.begin(), filme.end(), film);
       25:    7-block  0
call    0 returned 25
call    1 returned 25
call    2 returned 25
branch  3 taken 25 (fallthrough)
branch  4 taken 0 (throw)
        -:    8:
       25:    9:    if (it != filme.end())
       25:    9-block  0
call    0 returned 25
call    1 returned 25
branch  2 taken 1 (fallthrough)
branch  3 taken 24
        1:   10:        throw RepositoryException("Filmul exista deja!");
        1:   10-block  0
call    0 returned 1
call    1 returned 1
call    2 returned 1
branch  3 taken 1 (fallthrough)
branch  4 taken 0 (throw)
        1:   10-block  1
call    5 returned 1
branch  6 taken 1 (fallthrough)
branch  7 taken 0 (throw)
        1:   10-block  2
call    8 returned 1
call    9 returned 1
call   10 returned 1
    $$$$$:   10-block  3
call   11 never executed
    $$$$$:   10-block  4
    $$$$$:   10-block  5
call   12 never executed
    $$$$$:   10-block  6
    $$$$$:   10-block  7
call   13 never executed
       24:   11:    filme.push_back(film);
       24:   11-block  0
call    0 returned 24
branch  1 taken 24 (fallthrough)
branch  2 taken 0 (throw)
        -:   12:
       24:   13:}
       24:   13-block  0
        -:   14:
        -:   15:
function _ZN4Repo6stergeERKNSt7__cxx1112basic_stringIcSt11char_traitsIcESaIcEEEi called 7 returned 86% blocks executed 65%
        7:   16:void Repo::sterge(const std::string& titlu, int an) {
function _ZZN4Repo6stergeERKNSt7__cxx1112basic_stringIcSt11char_traitsIcESaIcEEEiENKUlRK4FilmE_clESA_ called 6 returned 100% blocks executed 89%
        7:   17:    auto it = std::find_if(filme.begin(), filme.end(), [&titlu,an](const Film& f) {
        7:   17-block  0
call    0 returned 7
call    1 returned 7
call    2 returned 7
branch  3 taken 7 (fallthrough)
branch  4 taken 0 (throw)
       6*:   18:        return f.getTitlu() == titlu && f.getAn() == an;
        6:   18-block  0
call    0 returned 6
call    1 returned 6
branch  2 taken 6 (fallthrough)
branch  3 taken 0
        6:   18-block  1
call    4 returned 6
branch  5 taken 6 (fallthrough)
branch  6 taken 0
        6:   18-block  2
    %%%%%:   18-block  3
        6:   18-block  4
        -:   19:    });
        7:   20:    if (it == filme.end()) {
        7:   20-block  0
call    0 returned 7
call    1 returned 7
branch  2 taken 1 (fallthrough)
branch  3 taken 6
        1:   21:        throw RepositoryException("Filmul nu exista!");
        1:   21-block  0
call    0 returned 1
call    1 returned 1
call    2 returned 1
branch  3 taken 1 (fallthrough)
branch  4 taken 0 (throw)
        1:   21-block  1
call    5 returned 1
branch  6 taken 1 (fallthrough)
branch  7 taken 0 (throw)
        1:   21-block  2
call    8 returned 1
call    9 returned 1
call   10 returned 1
    $$$$$:   21-block  3
call   11 never executed
    $$$$$:   21-block  4
    $$$$$:   21-block  5
call   12 never executed
    $$$$$:   21-block  6
    $$$$$:   21-block  7
call   13 never executed
        -:   22:    }
        6:   23:    filme.erase(it);
        6:   23-block  0
call    0 returned 6
call    1 returned 6
branch  2 taken 6 (fallthrough)
branch  3 taken 0 (throw)
    $$$$$:   23-block  1
        -:   24:
        6:   25:}
        6:   25-block  0
        -:   26:
function _ZN4Repo8modificaERKNSt7__cxx1112basic_stringIcSt11char_traitsIcESaIcEEEiS7_iS7_ called 6 returned 83% blocks executed 63%
        6:   27:void Repo::modifica(const std::string& titlu, int an, const std::string& nouGen, int nouAn, const std::string& nouActor) {
function _ZZN4Repo8modificaERKNSt7__cxx1112basic_stringIcSt11char_traitsIcESaIcEEEiS7_iS7_ENKUlRK4FilmE_clESA_ called 6 returned 100% blocks executed 100%
        6:   28:    auto it = std::find_if(filme.begin(),filme.end(),[&titlu,an](const Film& f) {
        6:   28-block  0
call    0 returned 6
call    1 returned 6
call    2 returned 6
branch  3 taken 6 (fallthrough)
branch  4 taken 0 (throw)
        6:   29:        return f.getTitlu() == titlu && f.getAn() == an;
        6:   29-block  0
call    0 returned 6
call    1 returned 6
branch  2 taken 5 (fallthrough)
branch  3 taken 1
        5:   29-block  1
call    4 returned 5
branch  5 taken 5 (fallthrough)
branch  6 taken 0
        5:   29-block  2
        1:   29-block  3
        6:   29-block  4
        -:   30:    });
        6:   31:    if ( it == filme.end() ) {
        6:   31-block  0
call    0 returned 6
call    1 returned 6
branch  2 taken 1 (fallthrough)
branch  3 taken 5
        1:   32:        throw RepositoryException("Filmul nu exista!");
        1:   32-block  0
call    0 returned 1
call    1 returned 1
call    2 returned 1
branch  3 taken 1 (fallthrough)
branch  4 taken 0 (throw)
        1:   32-block  1
call    5 returned 1
branch  6 taken 1 (fallthrough)
branch  7 taken 0 (throw)
        1:   32-block  2
call    8 returned 1
call    9 returned 1
call   10 returned 1
    $$$$$:   32-block  3
call   11 never executed
    $$$$$:   32-block  4
    $$$$$:   32-block  5
call   12 never executed
    $$$$$:   32-block  6
    $$$$$:   32-block  7
call   13 never executed
        -:   33:    }
        5:   34:    *it = Film{titlu,nouGen,nouAn,nouActor};
        5:   34-block  0
call    0 returned 5
branch  1 taken 5 (fallthrough)
branch  2 taken 0 (throw)
        5:   34-block  1
call    3 returned 5
call    4 returned 5
branch  5 taken 5 (fallthrough)
branch  6 taken 0 (throw)
        5:   34-block  2
call    7 returned 5
    $$$$$:   34-block  3
call    8 never executed
    $$$$$:   34-block  4
        -:   35:
        -:   36:
        5:   37:}
        -:   38:
        -:   39:
      13*:   40:Repo::~Repo()
        -:   41:{
      13*:   42:}
------------------
_ZN4RepoD0Ev:
function _ZN4RepoD0Ev called 0 returned 0% blocks executed 0%
    #####:   40:Repo::~Repo()
        -:   41:{
    #####:   42:}
    %%%%%:   42-block  0
call    0 never executed
call    1 never executed
------------------
_ZN4RepoD2Ev:
function _ZN4RepoD2Ev called 13 returned 100% blocks executed 100%
       13:   40:Repo::~Repo()
        -:   41:{
       13:   42:}
       13:   42-block  0
call    0 returned 13
call    1 returned 13
------------------
        -:   43:
        -:   44:
        -:   45:
        -:   46:
function _ZN8RepoFile15readAllFromFileEv called 3 returned 100% blocks executed 65%
        3:   47:void RepoFile::readAllFromFile() {
        3:   48:    std::ifstream fin(numeFisier);
        3:   48-block  0
call    0 returned 3
branch  1 taken 3 (fallthrough)
branch  2 taken 0 (throw)
        -:   49:
        -:   50:
        3:   51:    std::string linie;
        3:   51-block  0
call    0 returned 3
        6:   52:    while (std::getline(fin, linie)) {
        6:   52-block  0
call    0 returned 6
branch  1 taken 6 (fallthrough)
branch  2 taken 0 (throw)
        6:   52-block  1
call    3 returned 6
branch  4 taken 6 (fallthrough)
branch  5 taken 0 (throw)
        6:   52-block  2
branch  6 taken 3
branch  7 taken 3 (fallthrough)
        3:   53:        std::stringstream ss(linie);
        3:   53-block  0
call    0 returned 3
call    1 returned 3
branch  2 taken 3 (fallthrough)
branch  3 taken 0 (throw)
        3:   54:        std::string titlu, gen, anStr, actor;
        3:   54-block  0
call    0 returned 3
call    1 returned 3
call    2 returned 3
call    3 returned 3
        -:   55:
        3:   56:        std::getline(ss, titlu, ',');
call    0 returned 3
branch  1 taken 3 (fallthrough)
branch  2 taken 0 (throw)
        3:   57:        std::getline(ss, gen, ',');
        3:   57-block  0
call    0 returned 3
branch  1 taken 3 (fallthrough)
branch  2 taken 0 (throw)
        3:   58:        std::getline(ss, anStr, ',');
        3:   58-block  0
call    0 returned 3
branch  1 taken 3 (fallthrough)
branch  2 taken 0 (throw)
        3:   59:        std::getline(ss, actor);
        3:   59-block  0
call    0 returned 3
branch  1 taken 3 (fallthrough)
branch  2 taken 0 (throw)
        -:   60:
        3:   61:        int an = std::stoi(anStr);
        3:   61-block  0
call    0 returned 3
branch  1 taken 3 (fallthrough)
branch  2 taken 0 (throw)
        -:   62:
        3:   63:        Film film{titlu, gen, an, actor};
        3:   63-block  0
call    0 returned 3
branch  1 taken 3 (fallthrough)
branch  2 taken 0 (throw)
        3:   64:        Repo::adauga(film);
        3:   64-block  0
call    0 returned 3
branch  1 taken 3 (fallthrough)
branch  2 taken 0 (throw)
        3:   65:    }
        3:   65-block  0
call    0 returned 3
call    1 returned 3
call    2 returned 3
call    3 returned 3
call    4 returned 3
call    5 returned 3
    $$$$$:   65-block  1
call    6 never executed
    $$$$$:   65-block  2
call    7 never executed
    $$$$$:   65-block  3
call    8 never executed
    $$$$$:   65-block  4
call    9 never executed
    $$$$$:   65-block  5
call   10 never executed
    $$$$$:   65-block  6
call   11 never executed
        -:   66:
        3:   67:    fin.close();
        3:   67-block  0
call    0 returned 3
branch  1 taken 3 (fallthrough)
branch  2 taken 0 (throw)
        -:   68:
        3:   69:}
        3:   69-block  0
call    0 returned 3
call    1 returned 3
    $$$$$:   69-block  1
call    2 never executed
    $$$$$:   69-block  2
call    3 never executed
        -:   70:
        -:   71:
function _ZN8RepoFile14writeAllToFileEv called 4 returned 100% blocks executed 89%
        4:   72:void RepoFile::writeAllToFile() {
        4:   73:    std::ofstream fout(numeFisier);
        4:   73-block  0
call    0 returned 4
branch  1 taken 4 (fallthrough)
branch  2 taken 0 (throw)
        -:   74:    // if (!fout.is_open()) {
        -:   75:    //     throw std::runtime_error("Fisierul nu a putut fi deschis: " + numeFisier);
        -:   76:    // }
        7:   77:    for (const auto& film : Repo::getAll()) {
        4:   77-block  0
call    0 returned 4
call    1 returned 4
call    2 returned 4
        3:   77-block  1
call    3 returned 3
        3:   77-block  2
call    4 returned 3
        7:   77-block  3
call    5 returned 7
branch  6 taken 3
branch  7 taken 4 (fallthrough)
        3:   78:        fout << film.getTitlu() << ","
call    0 returned 3
branch  1 taken 3 (fallthrough)
branch  2 taken 0 (throw)
        3:   79:             << film.getGen() << ","
        3:   79-block  0
call    0 returned 3
branch  1 taken 3 (fallthrough)
branch  2 taken 0 (throw)
        3:   79-block  1
call    3 returned 3
branch  4 taken 3 (fallthrough)
branch  5 taken 0 (throw)
        3:   79-block  2
call    6 returned 3
branch  7 taken 3 (fallthrough)
branch  8 taken 0 (throw)
        3:   79-block  3
call    9 returned 3
branch 10 taken 3 (fallthrough)
branch 11 taken 0 (throw)
        3:   79-block  4
call   12 returned 3
branch 13 taken 3 (fallthrough)
branch 14 taken 0 (throw)
        -:   80:             << film.getAn() << ","
        3:   81:             << film.getActor() << "\n";
        3:   81-block  0
call    0 returned 3
branch  1 taken 3 (fallthrough)
branch  2 taken 0 (throw)
        3:   81-block  1
call    3 returned 3
branch  4 taken 3 (fallthrough)
branch  5 taken 0 (throw)
        3:   81-block  2
call    6 returned 3
branch  7 taken 3 (fallthrough)
branch  8 taken 0 (throw)
        3:   81-block  3
call    9 returned 3
branch 10 taken 3 (fallthrough)
branch 11 taken 0 (throw)
        3:   81-block  4
call   12 returned 3
branch 13 taken 3 (fallthrough)
branch 14 taken 0 (throw)
        3:   81-block  5
call   15 returned 3
branch 16 taken 3 (fallthrough)
branch 17 taken 0 (throw)
        -:   82:    }
        4:   83:    fout.close();
        4:   83-block  0
call    0 returned 4
branch  1 taken 4 (fallthrough)
branch  2 taken 0 (throw)
        4:   84:}
        4:   84-block  0
call    0 returned 4
    $$$$$:   84-block  1
call    1 never executed
        -:   85:
function _ZNK4Repo5cautaERKNSt7__cxx1112basic_stringIcSt11char_traitsIcESaIcEEEi called 8 returned 88% blocks executed 75%
        8:   86:const Film& Repo::cauta(const std::string& titlu, int an) const {
        9:   87:    for (const auto& film : this->filme) {
        8:   87-block  0
call    0 returned 8
call    1 returned 8
        8:   87-block  1
call    2 returned 8
        1:   87-block  2
call    3 returned 1
        9:   87-block  3
call    4 returned 9
branch  5 taken 8
branch  6 taken 1 (fallthrough)
        8:   88:        if (film.getTitlu() == titlu && film.getAn() == an) {
call    0 returned 8
branch  1 taken 8 (fallthrough)
branch  2 taken 0 (throw)
        8:   88-block  0
call    3 returned 8
branch  4 taken 7 (fallthrough)
branch  5 taken 1
        7:   88-block  1
call    6 returned 7
branch  7 taken 7 (fallthrough)
branch  8 taken 0 (throw)
        7:   88-block  2
branch  9 taken 7 (fallthrough)
branch 10 taken 0
        7:   88-block  3
        1:   88-block  4
        8:   88-block  5
branch 11 taken 7 (fallthrough)
branch 12 taken 1
        7:   89:            return film;
        7:   89-block  0
        7:   89-block  1
        -:   90:        }
        -:   91:    }
        1:   92:    throw RepositoryException("Filmul nu exista!");
        1:   92-block  0
call    0 returned 1
call    1 returned 1
call    2 returned 1
branch  3 taken 1 (fallthrough)
branch  4 taken 0 (throw)
        1:   92-block  1
call    5 returned 1
branch  6 taken 1 (fallthrough)
branch  7 taken 0 (throw)
        1:   92-block  2
call    8 returned 1
call    9 returned 1
call   10 returned 0
    $$$$$:   92-block  3
call   11 never executed
    $$$$$:   92-block  4
    $$$$$:   92-block  5
call   12 never executed
    $$$$$:   92-block  6
    $$$$$:   92-block  7
call   13 never executed
        -:   93:}
        -:   94:
        -:   95:
        -:   96:
        -:   97:
        -:   98:
        -:   99:
        -:  100:
        -:  101:
        -:  102:
        -:  103:
