        -:    0:Source:/mnt/c/Users/urdad/lab6_7/teste.cpp
        -:    0:Graph:/mnt/c/Users/urdad/lab6_7/cmake-build-default-coverage/CMakeFiles/lab6_7.dir/teste.cpp.gcno
        -:    0:Data:/mnt/c/Users/urdad/lab6_7/cmake-build-default-coverage/CMakeFiles/lab6_7.dir/teste.cpp.gcda
        -:    0:Runs:1
        -:    1:
        -:    2:#include "teste.h"
        -:    3:#include "service.h"
        -:    4:#include "validator.h"
        -:    5:#include <cassert>
        -:    6:#include <iostream>
        -:    7:#include <sstream>
        -:    8:#include <fstream>
        -:    9:#include <filesystem>
        -:   10:
function _ZN5Teste8testFilmEv called 1 returned 100% blocks executed 47%
        1:   11:void Teste::testFilm() {
        2:   12:    Film f("Inception", "SF", 2010, "Leonardo DiCaprio");
        1:   12-block  0
call    0 returned 1
call    1 returned 1
branch  2 taken 1 (fallthrough)
branch  3 taken 0 (throw)
        1:   12-block  1
call    4 returned 1
call    5 returned 1
branch  6 taken 1 (fallthrough)
branch  7 taken 0 (throw)
        1:   12-block  2
call    8 returned 1
call    9 returned 1
branch 10 taken 1 (fallthrough)
branch 11 taken 0 (throw)
        1:   12-block  3
call   12 returned 1
branch 13 taken 1 (fallthrough)
branch 14 taken 0 (throw)
call   15 returned 1
call   16 returned 1
call   17 returned 1
call   18 returned 1
call   19 returned 1
    $$$$$:   12-block  4
    $$$$$:   12-block  5
    $$$$$:   12-block  6
    $$$$$:   12-block  7
    $$$$$:   12-block  8
    $$$$$:   12-block  9
       1*:   13:    assert(f.getTitlu() == "Inception");
call    0 returned 1
branch  1 taken 1 (fallthrough)
branch  2 taken 0 (throw)
        1:   13-block  0
call    3 returned 1
branch  4 taken 0 (fallthrough)
branch  5 taken 1
    %%%%%:   13-block  1
call    6 never executed
       1*:   14:    assert(f.getGen() == "SF");
        1:   14-block  0
call    0 returned 1
branch  1 taken 1 (fallthrough)
branch  2 taken 0 (throw)
        1:   14-block  1
call    3 returned 1
branch  4 taken 0 (fallthrough)
branch  5 taken 1
    %%%%%:   14-block  2
call    6 never executed
       1*:   15:    assert(f.getAn() == 2010);
        1:   15-block  0
call    0 returned 1
branch  1 taken 1 (fallthrough)
branch  2 taken 0 (throw)
        1:   15-block  1
branch  3 taken 0 (fallthrough)
branch  4 taken 1
    %%%%%:   15-block  2
call    5 never executed
       1*:   16:    assert(f.getActor() == "Leonardo DiCaprio");
        1:   16-block  0
call    0 returned 1
branch  1 taken 1 (fallthrough)
branch  2 taken 0 (throw)
        1:   16-block  1
call    3 returned 1
branch  4 taken 0 (fallthrough)
branch  5 taken 1
    %%%%%:   16-block  2
call    6 never executed
        2:   17:    Film f2("Inception", "SF", 2010, "Leonardo DiCaprio");
        1:   17-block  0
call    0 returned 1
call    1 returned 1
branch  2 taken 1 (fallthrough)
branch  3 taken 0 (throw)
        1:   17-block  1
call    4 returned 1
call    5 returned 1
branch  6 taken 1 (fallthrough)
branch  7 taken 0 (throw)
        1:   17-block  2
call    8 returned 1
call    9 returned 1
branch 10 taken 1 (fallthrough)
branch 11 taken 0 (throw)
        1:   17-block  3
call   12 returned 1
branch 13 taken 1 (fallthrough)
branch 14 taken 0 (throw)
call   15 returned 1
call   16 returned 1
call   17 returned 1
call   18 returned 1
call   19 returned 1
    $$$$$:   17-block  4
    $$$$$:   17-block  5
    $$$$$:   17-block  6
    $$$$$:   17-block  7
    $$$$$:   17-block  8
    $$$$$:   17-block  9
        2:   18:    Film f3("Interstellar", "SF", 2014, "Matthew McConaughey");
call    0 returned 1
call    1 returned 1
branch  2 taken 1 (fallthrough)
branch  3 taken 0 (throw)
        1:   18-block  0
call    4 returned 1
call    5 returned 1
branch  6 taken 1 (fallthrough)
branch  7 taken 0 (throw)
        1:   18-block  1
call    8 returned 1
call    9 returned 1
branch 10 taken 1 (fallthrough)
branch 11 taken 0 (throw)
        1:   18-block  2
call   12 returned 1
branch 13 taken 1 (fallthrough)
branch 14 taken 0 (throw)
call   15 returned 1
call   16 returned 1
call   17 returned 1
call   18 returned 1
call   19 returned 1
    $$$$$:   18-block  3
    $$$$$:   18-block  4
    $$$$$:   18-block  5
    $$$$$:   18-block  6
    $$$$$:   18-block  7
    $$$$$:   18-block  8
        -:   19:
       1*:   20:    assert(f == f2);
call    0 returned 1
branch  1 taken 1 (fallthrough)
branch  2 taken 0 (throw)
        1:   20-block  0
branch  3 taken 0 (fallthrough)
branch  4 taken 1
    %%%%%:   20-block  1
call    5 never executed
        -:   21:
       1*:   22:    assert(!(f == f3));
        1:   22-block  0
call    0 returned 1
branch  1 taken 1 (fallthrough)
branch  2 taken 0 (throw)
        1:   22-block  1
branch  3 taken 0 (fallthrough)
branch  4 taken 1
    %%%%%:   22-block  2
call    5 never executed
        -:   23:
        1:   24:}
        1:   24-block  0
call    0 returned 1
call    1 returned 1
call    2 returned 1
    $$$$$:   24-block  1
call    3 never executed
    $$$$$:   24-block  2
call    4 never executed
    $$$$$:   24-block  3
call    5 never executed
        -:   25:
function _ZN5Teste8testRepoEv called 1 returned 100% blocks executed 52%
        1:   26:void Teste::testRepo() {
        1:   27:    Repo repo;
        1:   27-block  0
call    0 returned 1
        2:   28:    Film f("Inception", "SF", 2010, "Leonardo DiCaprio");
call    0 returned 1
call    1 returned 1
branch  2 taken 1 (fallthrough)
branch  3 taken 0 (throw)
        1:   28-block  0
call    4 returned 1
call    5 returned 1
branch  6 taken 1 (fallthrough)
branch  7 taken 0 (throw)
        1:   28-block  1
call    8 returned 1
call    9 returned 1
branch 10 taken 1 (fallthrough)
branch 11 taken 0 (throw)
        1:   28-block  2
call   12 returned 1
branch 13 taken 1 (fallthrough)
branch 14 taken 0 (throw)
call   15 returned 1
call   16 returned 1
call   17 returned 1
call   18 returned 1
call   19 returned 1
    $$$$$:   28-block  3
    $$$$$:   28-block  4
    $$$$$:   28-block  5
    $$$$$:   28-block  6
    $$$$$:   28-block  7
    $$$$$:   28-block  8
        1:   29:    repo.adauga(f);
call    0 returned 1
branch  1 taken 1 (fallthrough)
branch  2 taken 0 (throw)
       1*:   30:    assert(repo.getAll().size() == 1);
        1:   30-block  0
call    0 returned 1
call    1 returned 1
branch  2 taken 0 (fallthrough)
branch  3 taken 1
    %%%%%:   30-block  1
call    4 never executed
        2:   31:    Film f2("Inception", "SF", 2010, "Leonardo DiCaprio");
        1:   31-block  0
call    0 returned 1
call    1 returned 1
branch  2 taken 1 (fallthrough)
branch  3 taken 0 (throw)
        1:   31-block  1
call    4 returned 1
call    5 returned 1
branch  6 taken 1 (fallthrough)
branch  7 taken 0 (throw)
        1:   31-block  2
call    8 returned 1
call    9 returned 1
branch 10 taken 1 (fallthrough)
branch 11 taken 0 (throw)
        1:   31-block  3
call   12 returned 1
branch 13 taken 1 (fallthrough)
branch 14 taken 0 (throw)
call   15 returned 1
call   16 returned 1
call   17 returned 1
call   18 returned 1
call   19 returned 1
    $$$$$:   31-block  4
    $$$$$:   31-block  5
    $$$$$:   31-block  6
    $$$$$:   31-block  7
    $$$$$:   31-block  8
    $$$$$:   31-block  9
        -:   32:
        -:   33:    try {
        1:   34:        repo.adauga(f2);
call    0 returned 1
branch  1 taken 0 (fallthrough)
branch  2 taken 1 (throw)
    #####:   35:        assert(false);
    %%%%%:   35-block  0
call    0 never executed
        1:   36:    } catch (const std::runtime_error& e) {
        1:   36-block  0
branch  0 taken 0 (fallthrough)
branch  1 taken 1
        1:   36-block  1
call    2 returned 1
        1:   37:        assert(std::string(e.what()) == "Filmul exista deja!"); // Verifică mesajul excepției
call    0 returned 1
call    1 returned 1
call    2 returned 1
branch  3 taken 1 (fallthrough)
branch  4 taken 0 (throw)
        1:   37-block  0
call    5 returned 1
branch  6 taken 0 (fallthrough)
branch  7 taken 1
    $$$$$:   37-block  1
call    8 never executed
        1:   37-block  2
call    9 returned 1
call   10 returned 1
    $$$$$:   37-block  3
call   11 never executed
    $$$$$:   37-block  4
        1:   38:    }
call    0 returned 1
    $$$$$:   38-block  0
call    1 never executed
        1:   39:    repo.sterge("Inception", 2010);
        1:   39-block  0
call    0 returned 1
branch  1 taken 1 (fallthrough)
branch  2 taken 0 (throw)
        1:   39-block  1
call    3 returned 1
call    4 returned 1
call    5 returned 1
call    6 returned 1
branch  7 taken 1 (fallthrough)
branch  8 taken 0 (throw)
    $$$$$:   39-block  2
call    9 never executed
    $$$$$:   39-block  3
    $$$$$:   39-block  4
call   10 never executed
    $$$$$:   39-block  5
        1:   40:    assert(repo.getAll().empty());
call    0 returned 1
call    1 returned 1
branch  2 taken 0 (fallthrough)
branch  3 taken 1
    $$$$$:   40-block  0
call    4 never executed
        -:   41:    try {
        3:   42:        repo.sterge("Inception", 2010);
        1:   42-block  0
call    0 returned 1
call    1 returned 1
branch  2 taken 1 (fallthrough)
branch  3 taken 0 (throw)
        1:   42-block  1
call    4 returned 1
branch  5 taken 0 (fallthrough)
branch  6 taken 1 (throw)
    $$$$$:   42-block  2
call    7 never executed
call    8 never executed
        1:   42-block  3
call    9 returned 1
        1:   42-block  4
        1:   42-block  5
call   10 returned 1
        1:   42-block  6
    =====:   43:        assert(false);
call    0 never executed
        1:   44:    } catch (const std::runtime_error& e) {
        1:   44-block  0
branch  0 taken 0 (fallthrough)
branch  1 taken 1
        1:   44-block  1
call    2 returned 1
        1:   45:        assert(std::string(e.what()) == "Filmul nu exista!"); // Verifică mesajul excepției
call    0 returned 1
call    1 returned 1
call    2 returned 1
branch  3 taken 1 (fallthrough)
branch  4 taken 0 (throw)
        1:   45-block  0
call    5 returned 1
branch  6 taken 0 (fallthrough)
branch  7 taken 1
    $$$$$:   45-block  1
call    8 never executed
        1:   45-block  2
call    9 returned 1
call   10 returned 1
    $$$$$:   45-block  3
call   11 never executed
    $$$$$:   45-block  4
        1:   46:    }
call    0 returned 1
    $$$$$:   46-block  0
call    1 never executed
        1:   47:}
call    0 returned 1
call    1 returned 1
call    2 returned 1
    $$$$$:   47-block  0
call    3 never executed
    $$$$$:   47-block  1
call    4 never executed
    $$$$$:   47-block  2
call    5 never executed
        -:   48:
function _ZN5Teste11testServiceEv called 1 returned 100% blocks executed 50%
        1:   49:void Teste::testService() {
        1:   50:    Repo repo;
        1:   50-block  0
call    0 returned 1
        1:   51:    Service service{ repo };
call    0 returned 1
branch  1 taken 1 (fallthrough)
branch  2 taken 0 (throw)
        1:   52:    service.adaugaFilm("Inception", "SF", 2010, "Leonardo DiCaprio");
        1:   52-block  0
call    0 returned 1
call    1 returned 1
branch  2 taken 1 (fallthrough)
branch  3 taken 0 (throw)
        1:   52-block  1
call    4 returned 1
call    5 returned 1
branch  6 taken 1 (fallthrough)
branch  7 taken 0 (throw)
        1:   52-block  2
call    8 returned 1
call    9 returned 1
branch 10 taken 1 (fallthrough)
branch 11 taken 0 (throw)
        1:   52-block  3
call   12 returned 1
branch 13 taken 1 (fallthrough)
branch 14 taken 0 (throw)
        1:   52-block  4
call   15 returned 1
call   16 returned 1
call   17 returned 1
call   18 returned 1
call   19 returned 1
call   20 returned 1
    $$$$$:   52-block  5
call   21 never executed
    $$$$$:   52-block  6
    $$$$$:   52-block  7
call   22 never executed
    $$$$$:   52-block  8
    $$$$$:   52-block  9
call   23 never executed
    $$$$$:   52-block 10
    $$$$$:   52-block 11
call   24 never executed
    $$$$$:   52-block 12
    $$$$$:   52-block 13
call   25 never executed
    $$$$$:   52-block 14
    $$$$$:   52-block 15
call   26 never executed
    $$$$$:   52-block 16
       1*:   53:    assert(service.getFilme().size() == 1);
call    0 returned 1
branch  1 taken 1 (fallthrough)
branch  2 taken 0 (throw)
        1:   53-block  0
call    3 returned 1
branch  4 taken 0 (fallthrough)
branch  5 taken 1
    %%%%%:   53-block  1
call    6 never executed
        1:   54:    service.stergeFilm("Inception", 2010);
        1:   54-block  0
call    0 returned 1
call    1 returned 1
branch  2 taken 1 (fallthrough)
branch  3 taken 0 (throw)
        1:   54-block  1
call    4 returned 1
branch  5 taken 1 (fallthrough)
branch  6 taken 0 (throw)
        1:   54-block  2
call    7 returned 1
call    8 returned 1
    $$$$$:   54-block  3
call    9 never executed
    $$$$$:   54-block  4
    $$$$$:   54-block  5
call   10 never executed
    $$$$$:   54-block  6
       1*:   55:    assert(service.getFilme().empty());
call    0 returned 1
branch  1 taken 1 (fallthrough)
branch  2 taken 0 (throw)
        1:   55-block  0
call    3 returned 1
branch  4 taken 0 (fallthrough)
branch  5 taken 1
    %%%%%:   55-block  1
call    6 never executed
        1:   56:}
        1:   56-block  0
call    0 returned 1
call    1 returned 1
    $$$$$:   56-block  1
call    2 never executed
    $$$$$:   56-block  2
call    3 never executed
        -:   57:
function _ZN5Teste16testRepoModificaEv called 1 returned 100% blocks executed 59%
        1:   58:void Teste::testRepoModifica() {
        1:   59:    Repo repo;
        1:   59-block  0
call    0 returned 1
        -:   60:
        2:   61:    Film f1("Inception", "SF", 2010, "Leonardo DiCaprio");
call    0 returned 1
call    1 returned 1
branch  2 taken 1 (fallthrough)
branch  3 taken 0 (throw)
        1:   61-block  0
call    4 returned 1
call    5 returned 1
branch  6 taken 1 (fallthrough)
branch  7 taken 0 (throw)
        1:   61-block  1
call    8 returned 1
call    9 returned 1
branch 10 taken 1 (fallthrough)
branch 11 taken 0 (throw)
        1:   61-block  2
call   12 returned 1
branch 13 taken 1 (fallthrough)
branch 14 taken 0 (throw)
call   15 returned 1
call   16 returned 1
call   17 returned 1
call   18 returned 1
call   19 returned 1
    $$$$$:   61-block  3
    $$$$$:   61-block  4
    $$$$$:   61-block  5
    $$$$$:   61-block  6
    $$$$$:   61-block  7
    $$$$$:   61-block  8
        1:   62:    repo.adauga(f1);
call    0 returned 1
branch  1 taken 1 (fallthrough)
branch  2 taken 0 (throw)
        -:   63:
       1*:   64:    assert(repo.getAll().size() == 1);
        1:   64-block  0
call    0 returned 1
call    1 returned 1
branch  2 taken 0 (fallthrough)
branch  3 taken 1
    %%%%%:   64-block  1
call    4 never executed
        -:   65:
        1:   66:    repo.modifica("Inception", 2010, "SF", 2012, "Matthew McConaughey");
        1:   66-block  0
call    0 returned 1
call    1 returned 1
branch  2 taken 1 (fallthrough)
branch  3 taken 0 (throw)
        1:   66-block  1
call    4 returned 1
call    5 returned 1
branch  6 taken 1 (fallthrough)
branch  7 taken 0 (throw)
        1:   66-block  2
call    8 returned 1
call    9 returned 1
branch 10 taken 1 (fallthrough)
branch 11 taken 0 (throw)
        1:   66-block  3
call   12 returned 1
branch 13 taken 1 (fallthrough)
branch 14 taken 0 (throw)
        1:   66-block  4
call   15 returned 1
call   16 returned 1
call   17 returned 1
call   18 returned 1
call   19 returned 1
call   20 returned 1
    $$$$$:   66-block  5
call   21 never executed
    $$$$$:   66-block  6
    $$$$$:   66-block  7
call   22 never executed
    $$$$$:   66-block  8
    $$$$$:   66-block  9
call   23 never executed
    $$$$$:   66-block 10
    $$$$$:   66-block 11
call   24 never executed
    $$$$$:   66-block 12
    $$$$$:   66-block 13
call   25 never executed
    $$$$$:   66-block 14
    $$$$$:   66-block 15
call   26 never executed
    $$$$$:   66-block 16
        -:   67:
        1:   68:    const std::vector<Film>& filme = repo.getAll();
call    0 returned 1
       1*:   69:    assert(filme.size() == 1);
call    0 returned 1
branch  1 taken 0 (fallthrough)
branch  2 taken 1
    %%%%%:   69-block  0
call    3 never executed
       1*:   70:    assert(filme[0].getTitlu() == "Inception");
        1:   70-block  0
call    0 returned 1
call    1 returned 1
branch  2 taken 1 (fallthrough)
branch  3 taken 0 (throw)
        1:   70-block  1
call    4 returned 1
branch  5 taken 0 (fallthrough)
branch  6 taken 1
    %%%%%:   70-block  2
call    7 never executed
       1*:   71:    assert(filme[0].getAn() == 2012);
        1:   71-block  0
call    0 returned 1
call    1 returned 1
branch  2 taken 1 (fallthrough)
branch  3 taken 0 (throw)
        1:   71-block  1
branch  4 taken 0 (fallthrough)
branch  5 taken 1
    %%%%%:   71-block  2
call    6 never executed
       1*:   72:    assert(filme[0].getActor() == "Matthew McConaughey");
        1:   72-block  0
call    0 returned 1
call    1 returned 1
branch  2 taken 1 (fallthrough)
branch  3 taken 0 (throw)
        1:   72-block  1
call    4 returned 1
branch  5 taken 0 (fallthrough)
branch  6 taken 1
    %%%%%:   72-block  2
call    7 never executed
        -:   73:
        -:   74:    try {
       7*:   75:        repo.modifica("NonExistent Film", 2020, "Drama", 2021, "Unknown Actor");
        1:   75-block  0
call    0 returned 1
call    1 returned 1
branch  2 taken 1 (fallthrough)
branch  3 taken 0 (throw)
        1:   75-block  1
call    4 returned 1
call    5 returned 1
branch  6 taken 1 (fallthrough)
branch  7 taken 0 (throw)
        1:   75-block  2
call    8 returned 1
call    9 returned 1
branch 10 taken 1 (fallthrough)
branch 11 taken 0 (throw)
        1:   75-block  3
call   12 returned 1
branch 13 taken 0 (fallthrough)
branch 14 taken 1 (throw)
    %%%%%:   75-block  4
call   15 never executed
call   16 never executed
call   17 never executed
call   18 never executed
call   19 never executed
call   20 never executed
        1:   75-block  5
call   21 returned 1
        1:   75-block  6
        1:   75-block  7
call   22 returned 1
        1:   75-block  8
        1:   75-block  9
call   23 returned 1
        1:   75-block 10
        1:   75-block 11
call   24 returned 1
        1:   75-block 12
        1:   75-block 13
call   25 returned 1
        1:   75-block 14
        1:   75-block 15
call   26 returned 1
        1:   75-block 16
    #####:   76:        assert(false);
call    0 never executed
        1:   77:    } catch (const std::runtime_error& e) {
        1:   77-block  0
branch  0 taken 0 (fallthrough)
branch  1 taken 1
        1:   77-block  1
call    2 returned 1
        1:   78:        assert(std::string(e.what()) == "Filmul nu exista!");
call    0 returned 1
call    1 returned 1
call    2 returned 1
branch  3 taken 1 (fallthrough)
branch  4 taken 0 (throw)
        1:   78-block  0
call    5 returned 1
branch  6 taken 0 (fallthrough)
branch  7 taken 1
    $$$$$:   78-block  1
call    8 never executed
        1:   78-block  2
call    9 returned 1
call   10 returned 1
    $$$$$:   78-block  3
call   11 never executed
    $$$$$:   78-block  4
        1:   79:    }
call    0 returned 1
    $$$$$:   79-block  0
call    1 never executed
        -:   80:
        1:   81:}
call    0 returned 1
call    1 returned 1
    $$$$$:   81-block  0
call    2 never executed
    $$$$$:   81-block  1
call    3 never executed
        -:   82:
        -:   83:
function _ZN5Teste23testServiceModificaFilmEv called 1 returned 100% blocks executed 66%
        1:   84:void Teste::testServiceModificaFilm() {
        1:   85:    Repo repo;
        1:   85-block  0
call    0 returned 1
        -:   86:
        1:   87:    Service service{ repo };
call    0 returned 1
branch  1 taken 1 (fallthrough)
branch  2 taken 0 (throw)
        -:   88:
        1:   89:    service.adaugaFilm("Inception", "SF", 2010, "Leonardo DiCaprio");
        1:   89-block  0
call    0 returned 1
call    1 returned 1
branch  2 taken 1 (fallthrough)
branch  3 taken 0 (throw)
        1:   89-block  1
call    4 returned 1
call    5 returned 1
branch  6 taken 1 (fallthrough)
branch  7 taken 0 (throw)
        1:   89-block  2
call    8 returned 1
call    9 returned 1
branch 10 taken 1 (fallthrough)
branch 11 taken 0 (throw)
        1:   89-block  3
call   12 returned 1
branch 13 taken 1 (fallthrough)
branch 14 taken 0 (throw)
        1:   89-block  4
call   15 returned 1
call   16 returned 1
call   17 returned 1
call   18 returned 1
call   19 returned 1
call   20 returned 1
    $$$$$:   89-block  5
call   21 never executed
    $$$$$:   89-block  6
    $$$$$:   89-block  7
call   22 never executed
    $$$$$:   89-block  8
    $$$$$:   89-block  9
call   23 never executed
    $$$$$:   89-block 10
    $$$$$:   89-block 11
call   24 never executed
    $$$$$:   89-block 12
    $$$$$:   89-block 13
call   25 never executed
    $$$$$:   89-block 14
    $$$$$:   89-block 15
call   26 never executed
    $$$$$:   89-block 16
        -:   90:
       1*:   91:    assert(service.getFilme().size() == 1);
call    0 returned 1
branch  1 taken 1 (fallthrough)
branch  2 taken 0 (throw)
        1:   91-block  0
call    3 returned 1
branch  4 taken 0 (fallthrough)
branch  5 taken 1
    %%%%%:   91-block  1
call    6 never executed
       1*:   92:    assert(service.getFilme()[0].getTitlu() == "Inception");
        1:   92-block  0
call    0 returned 1
branch  1 taken 1 (fallthrough)
branch  2 taken 0 (throw)
        1:   92-block  1
call    3 returned 1
call    4 returned 1
branch  5 taken 1 (fallthrough)
branch  6 taken 0 (throw)
        1:   92-block  2
call    7 returned 1
branch  8 taken 0 (fallthrough)
branch  9 taken 1
    %%%%%:   92-block  3
call   10 never executed
       1*:   93:    assert(service.getFilme()[0].getAn() == 2010);
        1:   93-block  0
call    0 returned 1
branch  1 taken 1 (fallthrough)
branch  2 taken 0 (throw)
        1:   93-block  1
call    3 returned 1
call    4 returned 1
branch  5 taken 1 (fallthrough)
branch  6 taken 0 (throw)
        1:   93-block  2
branch  7 taken 0 (fallthrough)
branch  8 taken 1
    %%%%%:   93-block  3
call    9 never executed
       1*:   94:    assert(service.getFilme()[0].getActor() == "Leonardo DiCaprio");
        1:   94-block  0
call    0 returned 1
branch  1 taken 1 (fallthrough)
branch  2 taken 0 (throw)
        1:   94-block  1
call    3 returned 1
call    4 returned 1
branch  5 taken 1 (fallthrough)
branch  6 taken 0 (throw)
        1:   94-block  2
call    7 returned 1
branch  8 taken 0 (fallthrough)
branch  9 taken 1
    %%%%%:   94-block  3
call   10 never executed
        -:   95:
        -:   96:    try {
       7*:   97:        service.adaugaFilm("Inception", "", 2022, "Matthew McConaughey");  // Gen invalid
        1:   97-block  0
call    0 returned 1
call    1 returned 1
branch  2 taken 1 (fallthrough)
branch  3 taken 0 (throw)
        1:   97-block  1
call    4 returned 1
call    5 returned 1
branch  6 taken 1 (fallthrough)
branch  7 taken 0 (throw)
        1:   97-block  2
call    8 returned 1
call    9 returned 1
branch 10 taken 1 (fallthrough)
branch 11 taken 0 (throw)
        1:   97-block  3
call   12 returned 1
branch 13 taken 0 (fallthrough)
branch 14 taken 1 (throw)
    %%%%%:   97-block  4
call   15 never executed
call   16 never executed
call   17 never executed
call   18 never executed
call   19 never executed
call   20 never executed
        1:   97-block  5
call   21 returned 1
        1:   97-block  6
        1:   97-block  7
call   22 returned 1
        1:   97-block  8
        1:   97-block  9
call   23 returned 1
        1:   97-block 10
        1:   97-block 11
call   24 returned 1
        1:   97-block 12
        1:   97-block 13
call   25 returned 1
        1:   97-block 14
        1:   97-block 15
call   26 returned 1
        1:   97-block 16
    #####:   98:        assert(false);  // Nu ar trebui să ajungă aici
call    0 never executed
        1:   99:    } catch (const ValidationException& ) {
        1:   99-block  0
branch  0 taken 0 (fallthrough)
branch  1 taken 1
        1:   99-block  1
call    2 returned 1
        -:  100:        assert(true);  // Trebuie prinsă excepția
        1:  101:    }
call    0 returned 1
branch  1 taken 1 (fallthrough)
branch  2 taken 0 (throw)
        -:  102:
        -:  103:
        1:  104:    service.modificaFilm("Inception", 2010, "SF", 2012, "Matthew McConaughey");
        1:  104-block  0
call    0 returned 1
call    1 returned 1
branch  2 taken 1 (fallthrough)
branch  3 taken 0 (throw)
        1:  104-block  1
call    4 returned 1
call    5 returned 1
branch  6 taken 1 (fallthrough)
branch  7 taken 0 (throw)
        1:  104-block  2
call    8 returned 1
call    9 returned 1
branch 10 taken 1 (fallthrough)
branch 11 taken 0 (throw)
        1:  104-block  3
call   12 returned 1
branch 13 taken 1 (fallthrough)
branch 14 taken 0 (throw)
        1:  104-block  4
call   15 returned 1
call   16 returned 1
call   17 returned 1
call   18 returned 1
call   19 returned 1
call   20 returned 1
    $$$$$:  104-block  5
call   21 never executed
    $$$$$:  104-block  6
    $$$$$:  104-block  7
call   22 never executed
    $$$$$:  104-block  8
    $$$$$:  104-block  9
call   23 never executed
    $$$$$:  104-block 10
    $$$$$:  104-block 11
call   24 never executed
    $$$$$:  104-block 12
    $$$$$:  104-block 13
call   25 never executed
    $$$$$:  104-block 14
    $$$$$:  104-block 15
call   26 never executed
    $$$$$:  104-block 16
        -:  105:
        1:  106:    const std::vector<Film>& filme = service.getFilme();
call    0 returned 1
branch  1 taken 1 (fallthrough)
branch  2 taken 0 (throw)
        1:  107:    assert(filme.size() == 1);
        1:  107-block  0
call    0 returned 1
branch  1 taken 0 (fallthrough)
branch  2 taken 1
    $$$$$:  107-block  1
call    3 never executed
        1:  108:    assert(filme[0].getTitlu() == "Inception");
        1:  108-block  0
call    0 returned 1
call    1 returned 1
branch  2 taken 1 (fallthrough)
branch  3 taken 0 (throw)
        1:  108-block  1
call    4 returned 1
branch  5 taken 0 (fallthrough)
branch  6 taken 1
    $$$$$:  108-block  2
call    7 never executed
        1:  109:    assert(filme[0].getAn() == 2012);
        1:  109-block  0
call    0 returned 1
call    1 returned 1
branch  2 taken 1 (fallthrough)
branch  3 taken 0 (throw)
        1:  109-block  1
branch  4 taken 0 (fallthrough)
branch  5 taken 1
    $$$$$:  109-block  2
call    6 never executed
        1:  110:    assert(filme[0].getActor() == "Matthew McConaughey");
        1:  110-block  0
call    0 returned 1
call    1 returned 1
branch  2 taken 1 (fallthrough)
branch  3 taken 0 (throw)
        1:  110-block  1
call    4 returned 1
branch  5 taken 0 (fallthrough)
branch  6 taken 1
    $$$$$:  110-block  2
call    7 never executed
        -:  111:
        -:  112:    try {
        7:  113:        service.modificaFilm("NonExistent Film", 2020, "Drama", 2021, "Unknown Actor");
        1:  113-block  0
call    0 returned 1
call    1 returned 1
branch  2 taken 1 (fallthrough)
branch  3 taken 0 (throw)
        1:  113-block  1
call    4 returned 1
call    5 returned 1
branch  6 taken 1 (fallthrough)
branch  7 taken 0 (throw)
        1:  113-block  2
call    8 returned 1
call    9 returned 1
branch 10 taken 1 (fallthrough)
branch 11 taken 0 (throw)
        1:  113-block  3
call   12 returned 1
branch 13 taken 0 (fallthrough)
branch 14 taken 1 (throw)
    $$$$$:  113-block  4
call   15 never executed
call   16 never executed
call   17 never executed
call   18 never executed
call   19 never executed
call   20 never executed
        1:  113-block  5
call   21 returned 1
        1:  113-block  6
        1:  113-block  7
call   22 returned 1
        1:  113-block  8
        1:  113-block  9
call   23 returned 1
        1:  113-block 10
        1:  113-block 11
call   24 returned 1
        1:  113-block 12
        1:  113-block 13
call   25 returned 1
        1:  113-block 14
        1:  113-block 15
call   26 returned 1
        1:  113-block 16
    =====:  114:        assert(false);
call    0 never executed
        1:  115:    } catch (const std::runtime_error& e) {
        1:  115-block  0
branch  0 taken 0 (fallthrough)
branch  1 taken 1
        1:  115-block  1
call    2 returned 1
        1:  116:        assert(std::string(e.what()) == "Filmul nu exista!");
call    0 returned 1
call    1 returned 1
call    2 returned 1
branch  3 taken 1 (fallthrough)
branch  4 taken 0 (throw)
        1:  116-block  0
call    5 returned 1
branch  6 taken 0 (fallthrough)
branch  7 taken 1
    $$$$$:  116-block  1
call    8 never executed
        1:  116-block  2
call    9 returned 1
call   10 returned 1
    $$$$$:  116-block  3
call   11 never executed
    $$$$$:  116-block  4
        1:  117:    }
call    0 returned 1
    $$$$$:  117-block  0
call    1 never executed
        -:  118:
        -:  119:    try {
        7:  120:        service.modificaFilm("Inception", 2012, "", 2022, "Matthew McConaughey");  // Gen invalid
        1:  120-block  0
call    0 returned 1
call    1 returned 1
branch  2 taken 1 (fallthrough)
branch  3 taken 0 (throw)
        1:  120-block  1
call    4 returned 1
call    5 returned 1
branch  6 taken 1 (fallthrough)
branch  7 taken 0 (throw)
        1:  120-block  2
call    8 returned 1
branch  9 taken 0 (fallthrough)
branch 10 taken 1 (throw)
    $$$$$:  120-block  3
call   11 never executed
call   12 never executed
call   13 never executed
call   14 never executed
call   15 never executed
call   16 never executed
call   17 returned 1
call   18 returned 1
branch 19 taken 1 (fallthrough)
branch 20 taken 0 (throw)
        1:  120-block  4
call   21 returned 1
        1:  120-block  5
        1:  120-block  6
call   22 returned 1
        1:  120-block  7
        1:  120-block  8
call   23 returned 1
        1:  120-block  9
        1:  120-block 10
call   24 returned 1
        1:  120-block 11
        1:  120-block 12
call   25 returned 1
        1:  120-block 13
        1:  120-block 14
call   26 returned 1
        1:  120-block 15
    =====:  121:        assert(false);  // Nu ar trebui să ajungă aici
call    0 never executed
        1:  122:    } catch (const ValidationException& ) {
        1:  122-block  0
branch  0 taken 0 (fallthrough)
branch  1 taken 1
        1:  122-block  1
call    2 returned 1
        -:  123:        assert(true);  // Trebuie prinsă excepția
        1:  124:    }
call    0 returned 1
branch  1 taken 1 (fallthrough)
branch  2 taken 0 (throw)
        -:  125:
        1:  126:}
        1:  126-block  0
call    0 returned 1
call    1 returned 1
    $$$$$:  126-block  1
call    2 never executed
    $$$$$:  126-block  2
call    3 never executed
        -:  127:
function _ZN5Teste13testValidatorEv called 1 returned 100% blocks executed 65%
        1:  128:void Teste::testValidator() {
        -:  129:    try {
       3*:  130:        Validator::validateTitlu("");
        1:  130-block  0
call    0 returned 1
call    1 returned 1
branch  2 taken 1 (fallthrough)
branch  3 taken 0 (throw)
        1:  130-block  1
call    4 returned 1
branch  5 taken 0 (fallthrough)
branch  6 taken 1 (throw)
    %%%%%:  130-block  2
call    7 never executed
call    8 never executed
        1:  130-block  3
call    9 returned 1
        1:  130-block  4
        1:  130-block  5
call   10 returned 1
        1:  130-block  6
    #####:  131:        assert(false);
call    0 never executed
        1:  132:    } catch (const std::runtime_error& e) {
        1:  132-block  0
branch  0 taken 0 (fallthrough)
branch  1 taken 1
        1:  132-block  1
call    2 returned 1
        1:  133:        assert(std::string(e.what()) == "Titlul nu poate fi gol!");
call    0 returned 1
call    1 returned 1
call    2 returned 1
branch  3 taken 1 (fallthrough)
branch  4 taken 0 (throw)
        1:  133-block  0
call    5 returned 1
branch  6 taken 0 (fallthrough)
branch  7 taken 1
    $$$$$:  133-block  1
call    8 never executed
        1:  133-block  2
call    9 returned 1
call   10 returned 1
    $$$$$:  133-block  3
call   11 never executed
    $$$$$:  133-block  4
        1:  134:    }
call    0 returned 1
    $$$$$:  134-block  0
call    1 never executed
        -:  135:
        -:  136:    try {
        1:  137:        Validator::validateAn(1899);
call    0 returned 1
branch  1 taken 0 (fallthrough)
branch  2 taken 1 (throw)
    =====:  138:        assert(false);
    $$$$$:  138-block  0
call    0 never executed
        1:  139:    } catch (const std::runtime_error& e) {
        1:  139-block  0
branch  0 taken 0 (fallthrough)
branch  1 taken 1
        1:  139-block  1
call    2 returned 1
        1:  140:        assert(std::string(e.what()) == "Anul trebuie sa fie intre 1900 si 2100!");
call    0 returned 1
call    1 returned 1
call    2 returned 1
branch  3 taken 1 (fallthrough)
branch  4 taken 0 (throw)
        1:  140-block  0
call    5 returned 1
branch  6 taken 0 (fallthrough)
branch  7 taken 1
    $$$$$:  140-block  1
call    8 never executed
        1:  140-block  2
call    9 returned 1
call   10 returned 1
    $$$$$:  140-block  3
call   11 never executed
    $$$$$:  140-block  4
        1:  141:    }
call    0 returned 1
    $$$$$:  141-block  0
call    1 never executed
        -:  142:
        -:  143:    try {
        3:  144:        Validator::validateActor("");
        1:  144-block  0
call    0 returned 1
branch  1 taken 0 (fallthrough)
branch  2 taken 1 (throw)
    $$$$$:  144-block  1
call    3 never executed
call    4 never executed
call    5 returned 1
call    6 returned 1
branch  7 taken 1 (fallthrough)
branch  8 taken 0 (throw)
        1:  144-block  2
call    9 returned 1
        1:  144-block  3
        1:  144-block  4
call   10 returned 1
        1:  144-block  5
    =====:  145:        assert(false);
call    0 never executed
        1:  146:    } catch (const std::runtime_error& e) {
        1:  146-block  0
branch  0 taken 0 (fallthrough)
branch  1 taken 1
        1:  146-block  1
call    2 returned 1
        1:  147:        assert(std::string(e.what()) == "Actorul principal nu poate fi gol!");
call    0 returned 1
call    1 returned 1
call    2 returned 1
branch  3 taken 1 (fallthrough)
branch  4 taken 0 (throw)
        1:  147-block  0
call    5 returned 1
branch  6 taken 0 (fallthrough)
branch  7 taken 1
    $$$$$:  147-block  1
call    8 never executed
        1:  147-block  2
call    9 returned 1
call   10 returned 1
    $$$$$:  147-block  3
call   11 never executed
    $$$$$:  147-block  4
        1:  148:    }
call    0 returned 1
    $$$$$:  148-block  0
call    1 never executed
        -:  149:
        -:  150:    try {
        3:  151:        Validator::validateGen("");
        1:  151-block  0
call    0 returned 1
branch  1 taken 0 (fallthrough)
branch  2 taken 1 (throw)
    $$$$$:  151-block  1
call    3 never executed
call    4 never executed
call    5 returned 1
call    6 returned 1
branch  7 taken 1 (fallthrough)
branch  8 taken 0 (throw)
        1:  151-block  2
call    9 returned 1
        1:  151-block  3
        1:  151-block  4
call   10 returned 1
        1:  151-block  5
    =====:  152:        assert(false);
call    0 never executed
        1:  153:    } catch (const std::runtime_error& e) {
        1:  153-block  0
branch  0 taken 0 (fallthrough)
branch  1 taken 1
        1:  153-block  1
call    2 returned 1
        1:  154:        assert(std::string(e.what()) == "Genul nu poate fi gol!");
call    0 returned 1
call    1 returned 1
call    2 returned 1
branch  3 taken 1 (fallthrough)
branch  4 taken 0 (throw)
        1:  154-block  0
call    5 returned 1
branch  6 taken 0 (fallthrough)
branch  7 taken 1
    $$$$$:  154-block  1
call    8 never executed
        1:  154-block  2
call    9 returned 1
call   10 returned 1
    $$$$$:  154-block  3
call   11 never executed
    $$$$$:  154-block  4
        1:  155:    }
call    0 returned 1
    $$$$$:  155-block  0
call    1 never executed
        -:  156:
        1:  157:}
        -:  158:
        -:  159:
function _ZN5Teste11testCautareEv called 1 returned 100% blocks executed 46%
        1:  160:void Teste::testCautare() {
        1:  161:    Repo repo;
        1:  161-block  0
call    0 returned 1
        1:  162:    Service service{ repo };
call    0 returned 1
branch  1 taken 1 (fallthrough)
branch  2 taken 0 (throw)
        -:  163:
        1:  164:    service.adaugaFilm("Inception", "SF", 2010, "Leonardo DiCaprio");
        1:  164-block  0
call    0 returned 1
call    1 returned 1
branch  2 taken 1 (fallthrough)
branch  3 taken 0 (throw)
        1:  164-block  1
call    4 returned 1
call    5 returned 1
branch  6 taken 1 (fallthrough)
branch  7 taken 0 (throw)
        1:  164-block  2
call    8 returned 1
call    9 returned 1
branch 10 taken 1 (fallthrough)
branch 11 taken 0 (throw)
        1:  164-block  3
call   12 returned 1
branch 13 taken 1 (fallthrough)
branch 14 taken 0 (throw)
        1:  164-block  4
call   15 returned 1
call   16 returned 1
call   17 returned 1
call   18 returned 1
call   19 returned 1
call   20 returned 1
    $$$$$:  164-block  5
call   21 never executed
    $$$$$:  164-block  6
    $$$$$:  164-block  7
call   22 never executed
    $$$$$:  164-block  8
    $$$$$:  164-block  9
call   23 never executed
    $$$$$:  164-block 10
    $$$$$:  164-block 11
call   24 never executed
    $$$$$:  164-block 12
    $$$$$:  164-block 13
call   25 never executed
    $$$$$:  164-block 14
    $$$$$:  164-block 15
call   26 never executed
    $$$$$:  164-block 16
        1:  165:    service.adaugaFilm("Interstellar", "SF", 2014, "Matthew McConaughey");
call    0 returned 1
call    1 returned 1
branch  2 taken 1 (fallthrough)
branch  3 taken 0 (throw)
        1:  165-block  0
call    4 returned 1
call    5 returned 1
branch  6 taken 1 (fallthrough)
branch  7 taken 0 (throw)
        1:  165-block  1
call    8 returned 1
call    9 returned 1
branch 10 taken 1 (fallthrough)
branch 11 taken 0 (throw)
        1:  165-block  2
call   12 returned 1
branch 13 taken 1 (fallthrough)
branch 14 taken 0 (throw)
        1:  165-block  3
call   15 returned 1
call   16 returned 1
call   17 returned 1
call   18 returned 1
call   19 returned 1
call   20 returned 1
    $$$$$:  165-block  4
call   21 never executed
    $$$$$:  165-block  5
    $$$$$:  165-block  6
call   22 never executed
    $$$$$:  165-block  7
    $$$$$:  165-block  8
call   23 never executed
    $$$$$:  165-block  9
    $$$$$:  165-block 10
call   24 never executed
    $$$$$:  165-block 11
    $$$$$:  165-block 12
call   25 never executed
    $$$$$:  165-block 13
    $$$$$:  165-block 14
call   26 never executed
    $$$$$:  165-block 15
        1:  166:    service.adaugaFilm("The Dark Knight", "Action", 2008, "Christian Bale");
call    0 returned 1
call    1 returned 1
branch  2 taken 1 (fallthrough)
branch  3 taken 0 (throw)
        1:  166-block  0
call    4 returned 1
call    5 returned 1
branch  6 taken 1 (fallthrough)
branch  7 taken 0 (throw)
        1:  166-block  1
call    8 returned 1
call    9 returned 1
branch 10 taken 1 (fallthrough)
branch 11 taken 0 (throw)
        1:  166-block  2
call   12 returned 1
branch 13 taken 1 (fallthrough)
branch 14 taken 0 (throw)
        1:  166-block  3
call   15 returned 1
call   16 returned 1
call   17 returned 1
call   18 returned 1
call   19 returned 1
call   20 returned 1
    $$$$$:  166-block  4
call   21 never executed
    $$$$$:  166-block  5
    $$$$$:  166-block  6
call   22 never executed
    $$$$$:  166-block  7
    $$$$$:  166-block  8
call   23 never executed
    $$$$$:  166-block  9
    $$$$$:  166-block 10
call   24 never executed
    $$$$$:  166-block 11
    $$$$$:  166-block 12
call   25 never executed
    $$$$$:  166-block 13
    $$$$$:  166-block 14
call   26 never executed
    $$$$$:  166-block 15
        -:  167:
        2:  168:    auto rezultateTitlu = service.cautaFilme("Inception");
call    0 returned 1
call    1 returned 1
branch  2 taken 1 (fallthrough)
branch  3 taken 0 (throw)
        1:  168-block  0
call    4 returned 1
call    5 returned 1
branch  6 taken 1 (fallthrough)
branch  7 taken 0 (throw)
        1:  168-block  1
call    8 returned 1
branch  9 taken 1 (fallthrough)
branch 10 taken 0 (throw)
call   11 returned 1
call   12 returned 1
call   13 returned 1
    $$$$$:  168-block  2
    $$$$$:  168-block  3
    $$$$$:  168-block  4
    $$$$$:  168-block  5
       1*:  169:    assert(rezultateTitlu.size() == 1);
call    0 returned 1
branch  1 taken 0 (fallthrough)
branch  2 taken 1
    %%%%%:  169-block  0
call    3 never executed
       1*:  170:    assert(rezultateTitlu[0].getTitlu() == "Inception");
        1:  170-block  0
call    0 returned 1
call    1 returned 1
branch  2 taken 1 (fallthrough)
branch  3 taken 0 (throw)
        1:  170-block  1
call    4 returned 1
branch  5 taken 0 (fallthrough)
branch  6 taken 1
    %%%%%:  170-block  2
call    7 never executed
        -:  171:
        2:  172:    auto rezultateGen = service.cautaFilme("", "SF");
        1:  172-block  0
call    0 returned 1
call    1 returned 1
branch  2 taken 1 (fallthrough)
branch  3 taken 0 (throw)
        1:  172-block  1
call    4 returned 1
call    5 returned 1
branch  6 taken 1 (fallthrough)
branch  7 taken 0 (throw)
        1:  172-block  2
call    8 returned 1
branch  9 taken 1 (fallthrough)
branch 10 taken 0 (throw)
call   11 returned 1
call   12 returned 1
call   13 returned 1
    $$$$$:  172-block  3
    $$$$$:  172-block  4
    $$$$$:  172-block  5
    $$$$$:  172-block  6
       1*:  173:    assert(rezultateGen.size() == 2);
call    0 returned 1
branch  1 taken 0 (fallthrough)
branch  2 taken 1
    %%%%%:  173-block  0
call    3 never executed
        -:  174:
        2:  175:    auto rezultateAn = service.cautaFilme("", "", 2014);
        1:  175-block  0
call    0 returned 1
call    1 returned 1
branch  2 taken 1 (fallthrough)
branch  3 taken 0 (throw)
        1:  175-block  1
call    4 returned 1
call    5 returned 1
branch  6 taken 1 (fallthrough)
branch  7 taken 0 (throw)
        1:  175-block  2
call    8 returned 1
branch  9 taken 1 (fallthrough)
branch 10 taken 0 (throw)
call   11 returned 1
call   12 returned 1
call   13 returned 1
    $$$$$:  175-block  3
    $$$$$:  175-block  4
    $$$$$:  175-block  5
    $$$$$:  175-block  6
       1*:  176:    assert(rezultateAn.size() == 1);
call    0 returned 1
branch  1 taken 0 (fallthrough)
branch  2 taken 1
    %%%%%:  176-block  0
call    3 never executed
       1*:  177:    assert(rezultateAn[0].getAn() == 2014);
        1:  177-block  0
call    0 returned 1
call    1 returned 1
branch  2 taken 1 (fallthrough)
branch  3 taken 0 (throw)
        1:  177-block  1
branch  4 taken 0 (fallthrough)
branch  5 taken 1
    %%%%%:  177-block  2
call    6 never executed
        -:  178:
        2:  179:    auto rezultateTitluAn = service.cautaFilme("Inception", "", 2010);
        1:  179-block  0
call    0 returned 1
call    1 returned 1
branch  2 taken 1 (fallthrough)
branch  3 taken 0 (throw)
        1:  179-block  1
call    4 returned 1
call    5 returned 1
branch  6 taken 1 (fallthrough)
branch  7 taken 0 (throw)
        1:  179-block  2
call    8 returned 1
branch  9 taken 1 (fallthrough)
branch 10 taken 0 (throw)
call   11 returned 1
call   12 returned 1
call   13 returned 1
    $$$$$:  179-block  3
    $$$$$:  179-block  4
    $$$$$:  179-block  5
    $$$$$:  179-block  6
       1*:  180:    assert(rezultateTitluAn.size() == 1);
call    0 returned 1
branch  1 taken 0 (fallthrough)
branch  2 taken 1
    %%%%%:  180-block  0
call    3 never executed
       1*:  181:    assert(rezultateTitluAn[0].getTitlu() == "Inception");
        1:  181-block  0
call    0 returned 1
call    1 returned 1
branch  2 taken 1 (fallthrough)
branch  3 taken 0 (throw)
        1:  181-block  1
call    4 returned 1
branch  5 taken 0 (fallthrough)
branch  6 taken 1
    %%%%%:  181-block  2
call    7 never executed
        -:  182:
        1:  183:}
        1:  183-block  0
call    0 returned 1
call    1 returned 1
call    2 returned 1
call    3 returned 1
call    4 returned 1
call    5 returned 1
    $$$$$:  183-block  1
call    6 never executed
    $$$$$:  183-block  2
call    7 never executed
    $$$$$:  183-block  3
call    8 never executed
    $$$$$:  183-block  4
call    9 never executed
    $$$$$:  183-block  5
call   10 never executed
    $$$$$:  183-block  6
call   11 never executed
        -:  184:
function _ZN5Teste12testFiltrareEv called 1 returned 100% blocks executed 49%
        1:  185:void Teste::testFiltrare() {
        1:  186:    Repo repo;
        1:  186-block  0
call    0 returned 1
        1:  187:    Service service{ repo };
call    0 returned 1
branch  1 taken 1 (fallthrough)
branch  2 taken 0 (throw)
        -:  188:
        1:  189:    service.adaugaFilm("Inception", "SF", 2010, "Leonardo DiCaprio");
        1:  189-block  0
call    0 returned 1
call    1 returned 1
branch  2 taken 1 (fallthrough)
branch  3 taken 0 (throw)
        1:  189-block  1
call    4 returned 1
call    5 returned 1
branch  6 taken 1 (fallthrough)
branch  7 taken 0 (throw)
        1:  189-block  2
call    8 returned 1
call    9 returned 1
branch 10 taken 1 (fallthrough)
branch 11 taken 0 (throw)
        1:  189-block  3
call   12 returned 1
branch 13 taken 1 (fallthrough)
branch 14 taken 0 (throw)
        1:  189-block  4
call   15 returned 1
call   16 returned 1
call   17 returned 1
call   18 returned 1
call   19 returned 1
call   20 returned 1
    $$$$$:  189-block  5
call   21 never executed
    $$$$$:  189-block  6
    $$$$$:  189-block  7
call   22 never executed
    $$$$$:  189-block  8
    $$$$$:  189-block  9
call   23 never executed
    $$$$$:  189-block 10
    $$$$$:  189-block 11
call   24 never executed
    $$$$$:  189-block 12
    $$$$$:  189-block 13
call   25 never executed
    $$$$$:  189-block 14
    $$$$$:  189-block 15
call   26 never executed
    $$$$$:  189-block 16
        1:  190:    service.adaugaFilm("Interstellar", "SF", 2014, "Matthew McConaughey");
call    0 returned 1
call    1 returned 1
branch  2 taken 1 (fallthrough)
branch  3 taken 0 (throw)
        1:  190-block  0
call    4 returned 1
call    5 returned 1
branch  6 taken 1 (fallthrough)
branch  7 taken 0 (throw)
        1:  190-block  1
call    8 returned 1
call    9 returned 1
branch 10 taken 1 (fallthrough)
branch 11 taken 0 (throw)
        1:  190-block  2
call   12 returned 1
branch 13 taken 1 (fallthrough)
branch 14 taken 0 (throw)
        1:  190-block  3
call   15 returned 1
call   16 returned 1
call   17 returned 1
call   18 returned 1
call   19 returned 1
call   20 returned 1
    $$$$$:  190-block  4
call   21 never executed
    $$$$$:  190-block  5
    $$$$$:  190-block  6
call   22 never executed
    $$$$$:  190-block  7
    $$$$$:  190-block  8
call   23 never executed
    $$$$$:  190-block  9
    $$$$$:  190-block 10
call   24 never executed
    $$$$$:  190-block 11
    $$$$$:  190-block 12
call   25 never executed
    $$$$$:  190-block 13
    $$$$$:  190-block 14
call   26 never executed
    $$$$$:  190-block 15
        1:  191:    service.adaugaFilm("The Dark Knight", "Acțiune", 2008, "Christian Bale");
call    0 returned 1
call    1 returned 1
branch  2 taken 1 (fallthrough)
branch  3 taken 0 (throw)
        1:  191-block  0
call    4 returned 1
call    5 returned 1
branch  6 taken 1 (fallthrough)
branch  7 taken 0 (throw)
        1:  191-block  1
call    8 returned 1
call    9 returned 1
branch 10 taken 1 (fallthrough)
branch 11 taken 0 (throw)
        1:  191-block  2
call   12 returned 1
branch 13 taken 1 (fallthrough)
branch 14 taken 0 (throw)
        1:  191-block  3
call   15 returned 1
call   16 returned 1
call   17 returned 1
call   18 returned 1
call   19 returned 1
call   20 returned 1
    $$$$$:  191-block  4
call   21 never executed
    $$$$$:  191-block  5
    $$$$$:  191-block  6
call   22 never executed
    $$$$$:  191-block  7
    $$$$$:  191-block  8
call   23 never executed
    $$$$$:  191-block  9
    $$$$$:  191-block 10
call   24 never executed
    $$$$$:  191-block 11
    $$$$$:  191-block 12
call   25 never executed
    $$$$$:  191-block 13
    $$$$$:  191-block 14
call   26 never executed
    $$$$$:  191-block 15
        -:  192:
        2:  193:    auto rezultateTitlu = service.filtrareFilme("Inception", -1);
call    0 returned 1
call    1 returned 1
branch  2 taken 1 (fallthrough)
branch  3 taken 0 (throw)
        1:  193-block  0
call    4 returned 1
branch  5 taken 1 (fallthrough)
branch  6 taken 0 (throw)
call    7 returned 1
    $$$$$:  193-block  1
    $$$$$:  193-block  2
       1*:  194:    assert(rezultateTitlu.size() == 1);
call    0 returned 1
branch  1 taken 0 (fallthrough)
branch  2 taken 1
    %%%%%:  194-block  0
call    3 never executed
       1*:  195:    assert(rezultateTitlu[0].getTitlu() == "Inception");
        1:  195-block  0
call    0 returned 1
call    1 returned 1
branch  2 taken 1 (fallthrough)
branch  3 taken 0 (throw)
        1:  195-block  1
call    4 returned 1
branch  5 taken 0 (fallthrough)
branch  6 taken 1
    %%%%%:  195-block  2
call    7 never executed
        -:  196:
        2:  197:    auto rezultateAn = service.filtrareFilme("", 2014);
        1:  197-block  0
call    0 returned 1
call    1 returned 1
branch  2 taken 1 (fallthrough)
branch  3 taken 0 (throw)
        1:  197-block  1
call    4 returned 1
branch  5 taken 1 (fallthrough)
branch  6 taken 0 (throw)
call    7 returned 1
    $$$$$:  197-block  2
    $$$$$:  197-block  3
       1*:  198:    assert(rezultateAn.size() == 1);
call    0 returned 1
branch  1 taken 0 (fallthrough)
branch  2 taken 1
    %%%%%:  198-block  0
call    3 never executed
       1*:  199:    assert(rezultateAn[0].getAn() == 2014);
        1:  199-block  0
call    0 returned 1
call    1 returned 1
branch  2 taken 1 (fallthrough)
branch  3 taken 0 (throw)
        1:  199-block  1
branch  4 taken 0 (fallthrough)
branch  5 taken 1
    %%%%%:  199-block  2
call    6 never executed
        -:  200:
        2:  201:    auto rezultateTitluAn = service.filtrareFilme("Inception", 2010);
        1:  201-block  0
call    0 returned 1
call    1 returned 1
branch  2 taken 1 (fallthrough)
branch  3 taken 0 (throw)
        1:  201-block  1
call    4 returned 1
branch  5 taken 1 (fallthrough)
branch  6 taken 0 (throw)
call    7 returned 1
    $$$$$:  201-block  2
    $$$$$:  201-block  3
       1*:  202:    assert(rezultateTitluAn.size() == 1);
call    0 returned 1
branch  1 taken 0 (fallthrough)
branch  2 taken 1
    %%%%%:  202-block  0
call    3 never executed
       1*:  203:    assert(rezultateTitluAn[0].getTitlu() == "Inception" && rezultateTitluAn[0].getAn() == 2010);
        1:  203-block  0
call    0 returned 1
call    1 returned 1
branch  2 taken 1 (fallthrough)
branch  3 taken 0 (throw)
        1:  203-block  1
call    4 returned 1
branch  5 taken 1 (fallthrough)
branch  6 taken 0
        1:  203-block  2
call    7 returned 1
call    8 returned 1
branch  9 taken 1 (fallthrough)
branch 10 taken 0 (throw)
        1:  203-block  3
branch 11 taken 1 (fallthrough)
branch 12 taken 0
    %%%%%:  203-block  4
call   13 never executed
        -:  204:
        2:  205:    auto rezultateInexistente = service.filtrareFilme("Avatar", 2009);
        1:  205-block  0
call    0 returned 1
call    1 returned 1
branch  2 taken 1 (fallthrough)
branch  3 taken 0 (throw)
        1:  205-block  1
call    4 returned 1
branch  5 taken 1 (fallthrough)
branch  6 taken 0 (throw)
call    7 returned 1
    $$$$$:  205-block  2
    $$$$$:  205-block  3
       1*:  206:    assert(rezultateInexistente.empty());
call    0 returned 1
branch  1 taken 0 (fallthrough)
branch  2 taken 1
    %%%%%:  206-block  0
call    3 never executed
        1:  207:}
        1:  207-block  0
call    0 returned 1
call    1 returned 1
call    2 returned 1
call    3 returned 1
call    4 returned 1
call    5 returned 1
    $$$$$:  207-block  1
call    6 never executed
    $$$$$:  207-block  2
call    7 never executed
    $$$$$:  207-block  3
call    8 never executed
    $$$$$:  207-block  4
call    9 never executed
    $$$$$:  207-block  5
call   10 never executed
        -:  208:
function _ZN5Teste13testMyListAddEv called 1 returned 100% blocks executed 64%
        1:  209:void Teste::testMyListAdd() {
        1:  210:    MyList<int> list;
        1:  210-block  0
call    0 returned 1
branch  1 taken 1 (fallthrough)
branch  2 taken 0 (throw)
       1*:  211:    assert(list.size() == 0);  // Lista ar trebui să fie goală la început
        1:  211-block  0
call    0 returned 1
branch  1 taken 0 (fallthrough)
branch  2 taken 1
    %%%%%:  211-block  1
call    3 never executed
        -:  212:
        1:  213:    list.add(10);
        1:  213-block  0
call    0 returned 1
branch  1 taken 1 (fallthrough)
branch  2 taken 0 (throw)
    $$$$$:  213-block  1
       1*:  214:    assert(list.size() == 1);  // După adăugare, lista ar trebui să conțină un element
        1:  214-block  0
call    0 returned 1
branch  1 taken 0 (fallthrough)
branch  2 taken 1
    %%%%%:  214-block  1
call    3 never executed
       1*:  215:    assert(list[0] == 10);     // Elementul adăugat ar trebui să fie 10
        1:  215-block  0
call    0 returned 1
branch  1 taken 1 (fallthrough)
branch  2 taken 0 (throw)
        1:  215-block  1
branch  3 taken 0 (fallthrough)
branch  4 taken 1
    %%%%%:  215-block  2
call    5 never executed
        -:  216:
        1:  217:    list.add(20);
        1:  217-block  0
call    0 returned 1
branch  1 taken 1 (fallthrough)
branch  2 taken 0 (throw)
    $$$$$:  217-block  1
       1*:  218:    assert(list.size() == 2);  // Lista ar trebui să conțină acum 2 elemente
        1:  218-block  0
call    0 returned 1
branch  1 taken 0 (fallthrough)
branch  2 taken 1
    %%%%%:  218-block  1
call    3 never executed
       1*:  219:    assert(list[1] == 20);     // Al doilea element ar trebui să fie 20
        1:  219-block  0
call    0 returned 1
branch  1 taken 1 (fallthrough)
branch  2 taken 0 (throw)
        1:  219-block  1
branch  3 taken 0 (fallthrough)
branch  4 taken 1
    %%%%%:  219-block  2
call    5 never executed
        1:  220:}
        1:  220-block  0
call    0 returned 1
    $$$$$:  220-block  1
call    1 never executed
        -:  221:
function _ZN5Teste16testMyListRemoveEv called 1 returned 100% blocks executed 61%
        1:  222:void Teste::testMyListRemove() {
        1:  223:    MyList<int> list;
        1:  223-block  0
call    0 returned 1
branch  1 taken 1 (fallthrough)
branch  2 taken 0 (throw)
        1:  224:    list.add(10);
        1:  224-block  0
call    0 returned 1
branch  1 taken 1 (fallthrough)
branch  2 taken 0 (throw)
    $$$$$:  224-block  1
        1:  225:    list.add(20);
        1:  225-block  0
call    0 returned 1
branch  1 taken 1 (fallthrough)
branch  2 taken 0 (throw)
    $$$$$:  225-block  1
        1:  226:    list.add(30);
        1:  226-block  0
call    0 returned 1
branch  1 taken 1 (fallthrough)
branch  2 taken 0 (throw)
    $$$$$:  226-block  1
        -:  227:
        1:  228:    list.remove(1);  // Eliminăm elementul de la indexul 1 (20)
        1:  228-block  0
call    0 returned 1
branch  1 taken 1 (fallthrough)
branch  2 taken 0 (throw)
       1*:  229:    assert(list.size() == 2);  // Lista ar trebui să aibă acum 2 elemente
        1:  229-block  0
call    0 returned 1
branch  1 taken 0 (fallthrough)
branch  2 taken 1
    %%%%%:  229-block  1
call    3 never executed
       1*:  230:    assert(list[0] == 10);     // Primul element ar trebui să fie 10
        1:  230-block  0
call    0 returned 1
branch  1 taken 1 (fallthrough)
branch  2 taken 0 (throw)
        1:  230-block  1
branch  3 taken 0 (fallthrough)
branch  4 taken 1
    %%%%%:  230-block  2
call    5 never executed
       1*:  231:    assert(list[1] == 30);     // Al doilea element ar trebui să fie 30
        1:  231-block  0
call    0 returned 1
branch  1 taken 1 (fallthrough)
branch  2 taken 0 (throw)
        1:  231-block  1
branch  3 taken 0 (fallthrough)
branch  4 taken 1
    %%%%%:  231-block  2
call    5 never executed
        -:  232:
        -:  233:    try {
        1:  234:        list.remove(5);  // Încercăm să eliminăm un element la un index invalid
        1:  234-block  0
call    0 returned 1
branch  1 taken 0 (fallthrough)
branch  2 taken 1 (throw)
    #####:  235:        assert(false);    // Ar trebui să arunce o excepție
    %%%%%:  235-block  0
call    0 never executed
        1:  236:    } catch (const std::out_of_range& e) {
        1:  236-block  0
branch  0 taken 0 (fallthrough)
branch  1 taken 1
        1:  236-block  1
call    2 returned 1
        1:  237:        assert(std::string(e.what()) == "Index invalid");
call    0 returned 1
call    1 returned 1
call    2 returned 1
branch  3 taken 1 (fallthrough)
branch  4 taken 0 (throw)
        1:  237-block  0
call    5 returned 1
branch  6 taken 0 (fallthrough)
branch  7 taken 1
    $$$$$:  237-block  1
call    8 never executed
        1:  237-block  2
call    9 returned 1
call   10 returned 1
    $$$$$:  237-block  3
call   11 never executed
    $$$$$:  237-block  4
        1:  238:    }
call    0 returned 1
    $$$$$:  238-block  0
call    1 never executed
        1:  239:}
call    0 returned 1
    $$$$$:  239-block  0
call    1 never executed
        -:  240:
function _ZN5Teste16testMyListUpdateEv called 1 returned 100% blocks executed 60%
        1:  241:void Teste::testMyListUpdate() {
        1:  242:    MyList<int> list;
        1:  242-block  0
call    0 returned 1
branch  1 taken 1 (fallthrough)
branch  2 taken 0 (throw)
        1:  243:    list.add(10);
        1:  243-block  0
call    0 returned 1
branch  1 taken 1 (fallthrough)
branch  2 taken 0 (throw)
    $$$$$:  243-block  1
        1:  244:    list.add(20);
        1:  244-block  0
call    0 returned 1
branch  1 taken 1 (fallthrough)
branch  2 taken 0 (throw)
    $$$$$:  244-block  1
        -:  245:
        1:  246:    list.update(1, 25);  // Modificăm elementul de la indexul 1
        1:  246-block  0
call    0 returned 1
branch  1 taken 1 (fallthrough)
branch  2 taken 0 (throw)
    $$$$$:  246-block  1
       1*:  247:    assert(list[1] == 25);  // Elementul la indexul 1 ar trebui să fie acum 25
        1:  247-block  0
call    0 returned 1
branch  1 taken 1 (fallthrough)
branch  2 taken 0 (throw)
        1:  247-block  1
branch  3 taken 0 (fallthrough)
branch  4 taken 1
    %%%%%:  247-block  2
call    5 never executed
        -:  248:
        -:  249:    try {
       1*:  250:        list.update(5, 30);  // Încercăm să actualizăm un element la un index invalid
        1:  250-block  0
call    0 returned 1
branch  1 taken 0 (fallthrough)
branch  2 taken 1 (throw)
        1:  250-block  1
    #####:  251:        assert(false);        // Ar trebui să arunce o excepție
    %%%%%:  251-block  0
call    0 never executed
        1:  252:    } catch (const std::out_of_range& e) {
        1:  252-block  0
branch  0 taken 0 (fallthrough)
branch  1 taken 1
        1:  252-block  1
call    2 returned 1
        1:  253:        assert(std::string(e.what()) == "Index invalid");
call    0 returned 1
call    1 returned 1
call    2 returned 1
branch  3 taken 1 (fallthrough)
branch  4 taken 0 (throw)
        1:  253-block  0
call    5 returned 1
branch  6 taken 0 (fallthrough)
branch  7 taken 1
    $$$$$:  253-block  1
call    8 never executed
        1:  253-block  2
call    9 returned 1
call   10 returned 1
    $$$$$:  253-block  3
call   11 never executed
    $$$$$:  253-block  4
        1:  254:    }
call    0 returned 1
    $$$$$:  254-block  0
call    1 never executed
        1:  255:}
call    0 returned 1
    $$$$$:  255-block  0
call    1 never executed
        -:  256:
function _ZN5Teste23testMyListOperatorIndexEv called 1 returned 100% blocks executed 59%
        1:  257:void Teste::testMyListOperatorIndex() {
        1:  258:    MyList<int> list;
        1:  258-block  0
call    0 returned 1
branch  1 taken 1 (fallthrough)
branch  2 taken 0 (throw)
        1:  259:    list.add(10);
        1:  259-block  0
call    0 returned 1
branch  1 taken 1 (fallthrough)
branch  2 taken 0 (throw)
    $$$$$:  259-block  1
        1:  260:    list.add(20);
        1:  260-block  0
call    0 returned 1
branch  1 taken 1 (fallthrough)
branch  2 taken 0 (throw)
    $$$$$:  260-block  1
        1:  261:    list.add(30);
        1:  261-block  0
call    0 returned 1
branch  1 taken 1 (fallthrough)
branch  2 taken 0 (throw)
    $$$$$:  261-block  1
        -:  262:
        -:  263:    // Testează accesul la un index valid
       1*:  264:    assert(list[0] == 10);
        1:  264-block  0
call    0 returned 1
branch  1 taken 1 (fallthrough)
branch  2 taken 0 (throw)
        1:  264-block  1
branch  3 taken 0 (fallthrough)
branch  4 taken 1
    %%%%%:  264-block  2
call    5 never executed
       1*:  265:    assert(list[1] == 20);
        1:  265-block  0
call    0 returned 1
branch  1 taken 1 (fallthrough)
branch  2 taken 0 (throw)
        1:  265-block  1
branch  3 taken 0 (fallthrough)
branch  4 taken 1
    %%%%%:  265-block  2
call    5 never executed
       1*:  266:    assert(list[2] == 30);
        1:  266-block  0
call    0 returned 1
branch  1 taken 1 (fallthrough)
branch  2 taken 0 (throw)
        1:  266-block  1
branch  3 taken 0 (fallthrough)
branch  4 taken 1
    %%%%%:  266-block  2
call    5 never executed
        -:  267:
        -:  268:    try {
        -:  269:        // Acces invalid (index 3, dar lista are doar 3 elemente)
        1:  270:        list[3];  // Va arunca o excepție std::out_of_range
        1:  270-block  0
call    0 returned 1
branch  1 taken 0 (fallthrough)
branch  2 taken 1 (throw)
    #####:  271:        assert(false);  // Dacă ajungi aici, testul a eșuat
    %%%%%:  271-block  0
call    0 never executed
        1:  272:    } catch (const std::out_of_range& e) {
        1:  272-block  0
branch  0 taken 0 (fallthrough)
branch  1 taken 1
        1:  272-block  1
call    2 returned 1
        1:  273:        assert(std::string(e.what()) == "Index invalid");
call    0 returned 1
call    1 returned 1
call    2 returned 1
branch  3 taken 1 (fallthrough)
branch  4 taken 0 (throw)
        1:  273-block  0
call    5 returned 1
branch  6 taken 0 (fallthrough)
branch  7 taken 1
    $$$$$:  273-block  1
call    8 never executed
        1:  273-block  2
call    9 returned 1
call   10 returned 1
    $$$$$:  273-block  3
call   11 never executed
    $$$$$:  273-block  4
        1:  274:    }
call    0 returned 1
    $$$$$:  274-block  0
call    1 never executed
        -:  275:
        -:  276:    // Testează și pentru un obiect const
        1:  277:    const MyList<int> constList = list;
call    0 returned 1
branch  1 taken 1 (fallthrough)
branch  2 taken 0 (throw)
        -:  278:
        1:  279:    assert(constList[0] == 10);
        1:  279-block  0
call    0 returned 1
branch  1 taken 1 (fallthrough)
branch  2 taken 0 (throw)
        1:  279-block  1
branch  3 taken 0 (fallthrough)
branch  4 taken 1
    $$$$$:  279-block  2
call    5 never executed
        -:  280:    try {
        1:  281:        constList[3];  // Va arunca o excepție std::out_of_range
        1:  281-block  0
call    0 returned 1
branch  1 taken 0 (fallthrough)
branch  2 taken 1 (throw)
    =====:  282:        assert(false);  // Dacă ajungi aici, testul a eșuat
    $$$$$:  282-block  0
call    0 never executed
        1:  283:    } catch (const std::out_of_range& e) {
        1:  283-block  0
branch  0 taken 0 (fallthrough)
branch  1 taken 1
        1:  283-block  1
call    2 returned 1
        1:  284:        assert(std::string(e.what()) == "Index invalid");
call    0 returned 1
call    1 returned 1
call    2 returned 1
branch  3 taken 1 (fallthrough)
branch  4 taken 0 (throw)
        1:  284-block  0
call    5 returned 1
branch  6 taken 0 (fallthrough)
branch  7 taken 1
    $$$$$:  284-block  1
call    8 never executed
        1:  284-block  2
call    9 returned 1
call   10 returned 1
    $$$$$:  284-block  3
call   11 never executed
    $$$$$:  284-block  4
        1:  285:    }
call    0 returned 1
    $$$$$:  285-block  0
call    1 never executed
        1:  286:}
call    0 returned 1
call    1 returned 1
    $$$$$:  286-block  0
call    2 never executed
    $$$$$:  286-block  1
call    3 never executed
        -:  287:
function _ZN5Teste18testMyListCapacityEv called 1 returned 100% blocks executed 62%
        1:  288:void Teste::testMyListCapacity() {
        1:  289:    MyList<int> list(2);  // Setăm capacitatea inițială la 2
        1:  289-block  0
call    0 returned 1
branch  1 taken 1 (fallthrough)
branch  2 taken 0 (throw)
       1*:  290:    assert(list.size() == 0);
        1:  290-block  0
call    0 returned 1
branch  1 taken 0 (fallthrough)
branch  2 taken 1
    %%%%%:  290-block  1
call    3 never executed
        -:  291:
        1:  292:    list.add(10);
        1:  292-block  0
call    0 returned 1
branch  1 taken 1 (fallthrough)
branch  2 taken 0 (throw)
    $$$$$:  292-block  1
        1:  293:    list.add(20);
        1:  293-block  0
call    0 returned 1
branch  1 taken 1 (fallthrough)
branch  2 taken 0 (throw)
    $$$$$:  293-block  1
       1*:  294:    assert(list.size() == 2);
        1:  294-block  0
call    0 returned 1
branch  1 taken 0 (fallthrough)
branch  2 taken 1
    %%%%%:  294-block  1
call    3 never executed
        -:  295:
        1:  296:    list.add(30);  // Acum lista trebuie să își mărească capacitatea
        1:  296-block  0
call    0 returned 1
branch  1 taken 1 (fallthrough)
branch  2 taken 0 (throw)
    $$$$$:  296-block  1
       1*:  297:    assert(list.size() == 3);  // Lista ar trebui să conțină 3 elemente
        1:  297-block  0
call    0 returned 1
branch  1 taken 0 (fallthrough)
branch  2 taken 1
    %%%%%:  297-block  1
call    3 never executed
       1*:  298:    assert(list[2] == 30);     // Ultimul element adăugat ar trebui să fie 30
        1:  298-block  0
call    0 returned 1
branch  1 taken 1 (fallthrough)
branch  2 taken 0 (throw)
        1:  298-block  1
branch  3 taken 0 (fallthrough)
branch  4 taken 1
    %%%%%:  298-block  2
call    5 never executed
        1:  299:}
        1:  299-block  0
call    0 returned 1
    $$$$$:  299-block  1
call    1 never executed
        -:  300:
function _ZN5Teste25testMyListCopyConstructorEv called 1 returned 100% blocks executed 65%
        1:  301:void Teste::testMyListCopyConstructor() {
        1:  302:    MyList<int> list;
        1:  302-block  0
call    0 returned 1
branch  1 taken 1 (fallthrough)
branch  2 taken 0 (throw)
        1:  303:    list.add(10);
        1:  303-block  0
call    0 returned 1
branch  1 taken 1 (fallthrough)
branch  2 taken 0 (throw)
    $$$$$:  303-block  1
        1:  304:    list.add(20);
        1:  304-block  0
call    0 returned 1
branch  1 taken 1 (fallthrough)
branch  2 taken 0 (throw)
    $$$$$:  304-block  1
        1:  305:    list.add(30);
        1:  305-block  0
call    0 returned 1
branch  1 taken 1 (fallthrough)
branch  2 taken 0 (throw)
    $$$$$:  305-block  1
        -:  306:
        -:  307:    // Copiem lista într-o nouă listă
        1:  308:    MyList<int> copiedList = list;
        1:  308-block  0
call    0 returned 1
branch  1 taken 1 (fallthrough)
branch  2 taken 0 (throw)
        -:  309:
        -:  310:    // Verificăm dacă dimensiunile și elementele sunt aceleași
       1*:  311:    assert(copiedList.size() == list.size());
        1:  311-block  0
call    0 returned 1
call    1 returned 1
branch  2 taken 0 (fallthrough)
branch  3 taken 1
    %%%%%:  311-block  1
call    4 never executed
       1*:  312:    assert(copiedList[0] == list[0]);
        1:  312-block  0
call    0 returned 1
branch  1 taken 1 (fallthrough)
branch  2 taken 0 (throw)
        1:  312-block  1
call    3 returned 1
branch  4 taken 1 (fallthrough)
branch  5 taken 0 (throw)
        1:  312-block  2
branch  6 taken 0 (fallthrough)
branch  7 taken 1
    %%%%%:  312-block  3
call    8 never executed
       1*:  313:    assert(copiedList[1] == list[1]);
        1:  313-block  0
call    0 returned 1
branch  1 taken 1 (fallthrough)
branch  2 taken 0 (throw)
        1:  313-block  1
call    3 returned 1
branch  4 taken 1 (fallthrough)
branch  5 taken 0 (throw)
        1:  313-block  2
branch  6 taken 0 (fallthrough)
branch  7 taken 1
    %%%%%:  313-block  3
call    8 never executed
       1*:  314:    assert(copiedList[2] == list[2]);
        1:  314-block  0
call    0 returned 1
branch  1 taken 1 (fallthrough)
branch  2 taken 0 (throw)
        1:  314-block  1
call    3 returned 1
branch  4 taken 1 (fallthrough)
branch  5 taken 0 (throw)
        1:  314-block  2
branch  6 taken 0 (fallthrough)
branch  7 taken 1
    %%%%%:  314-block  3
call    8 never executed
        -:  315:
        -:  316:    // Modificăm elementele în lista originală
        1:  317:    list.update(0, 100);
        1:  317-block  0
call    0 returned 1
branch  1 taken 1 (fallthrough)
branch  2 taken 0 (throw)
    $$$$$:  317-block  1
        -:  318:
        -:  319:    // Verificăm că lista copiată nu a fost afectată
       1*:  320:    assert(copiedList[0] == 10);  // Lista copiată ar trebui să rămână nemodificată
        1:  320-block  0
call    0 returned 1
branch  1 taken 1 (fallthrough)
branch  2 taken 0 (throw)
        1:  320-block  1
branch  3 taken 0 (fallthrough)
branch  4 taken 1
    %%%%%:  320-block  2
call    5 never executed
       1*:  321:    assert(list[0] == 100);       // Lista originală ar trebui să aibă valoarea modificată
        1:  321-block  0
call    0 returned 1
branch  1 taken 1 (fallthrough)
branch  2 taken 0 (throw)
        1:  321-block  1
branch  3 taken 0 (fallthrough)
branch  4 taken 1
    %%%%%:  321-block  2
call    5 never executed
        1:  322:}
        1:  322-block  0
call    0 returned 1
call    1 returned 1
    $$$$$:  322-block  1
call    2 never executed
    $$$$$:  322-block  2
call    3 never executed
        -:  323:
function _ZN5Teste22testConstructorCopiereEv called 1 returned 100% blocks executed 55%
        1:  324:void Teste::testConstructorCopiere() {
        -:  325:    // Redirecționăm ieșirea standard pentru a captura mesajul din constructor
        1:  326:    std::stringstream buffer;
        1:  326-block  0
call    0 returned 1
branch  1 taken 1 (fallthrough)
branch  2 taken 0 (throw)
        1:  327:    std::streambuf* prev = std::cout.rdbuf(buffer.rdbuf()); // redirecționează std::cout în buffer
        1:  327-block  0
call    0 returned 1
branch  1 taken 1 (fallthrough)
branch  2 taken 0 (throw)
        1:  327-block  1
call    3 returned 1
branch  4 taken 1 (fallthrough)
branch  5 taken 0 (throw)
        -:  328:
        2:  329:    Film f1("Inception", "SF", 2010, "Leonardo DiCaprio");
        1:  329-block  0
call    0 returned 1
call    1 returned 1
branch  2 taken 1 (fallthrough)
branch  3 taken 0 (throw)
        1:  329-block  1
call    4 returned 1
call    5 returned 1
branch  6 taken 1 (fallthrough)
branch  7 taken 0 (throw)
        1:  329-block  2
call    8 returned 1
call    9 returned 1
branch 10 taken 1 (fallthrough)
branch 11 taken 0 (throw)
        1:  329-block  3
call   12 returned 1
branch 13 taken 1 (fallthrough)
branch 14 taken 0 (throw)
call   15 returned 1
call   16 returned 1
call   17 returned 1
call   18 returned 1
call   19 returned 1
    $$$$$:  329-block  4
    $$$$$:  329-block  5
    $$$$$:  329-block  6
    $$$$$:  329-block  7
    $$$$$:  329-block  8
    $$$$$:  329-block  9
        1:  330:    Film f2 = f1;  // Apelul constructorului de copiere
call    0 returned 1
branch  1 taken 1 (fallthrough)
branch  2 taken 0 (throw)
        -:  331:
        -:  332:    // Verificăm dacă obiectul copiat conține aceleași date
       1*:  333:    assert(f2.getTitlu() == "Inception");
        1:  333-block  0
call    0 returned 1
branch  1 taken 1 (fallthrough)
branch  2 taken 0 (throw)
        1:  333-block  1
call    3 returned 1
branch  4 taken 0 (fallthrough)
branch  5 taken 1
    %%%%%:  333-block  2
call    6 never executed
       1*:  334:    assert(f2.getGen() == "SF");
        1:  334-block  0
call    0 returned 1
branch  1 taken 1 (fallthrough)
branch  2 taken 0 (throw)
        1:  334-block  1
call    3 returned 1
branch  4 taken 0 (fallthrough)
branch  5 taken 1
    %%%%%:  334-block  2
call    6 never executed
       1*:  335:    assert(f2.getAn() == 2010);
        1:  335-block  0
call    0 returned 1
branch  1 taken 1 (fallthrough)
branch  2 taken 0 (throw)
        1:  335-block  1
branch  3 taken 0 (fallthrough)
branch  4 taken 1
    %%%%%:  335-block  2
call    5 never executed
       1*:  336:    assert(f2.getActor() == "Leonardo DiCaprio");
        1:  336-block  0
call    0 returned 1
branch  1 taken 1 (fallthrough)
branch  2 taken 0 (throw)
        1:  336-block  1
call    3 returned 1
branch  4 taken 0 (fallthrough)
branch  5 taken 1
    %%%%%:  336-block  2
call    6 never executed
        -:  337:
        -:  338:    // Verificăm mesajul care a fost afișat
        1:  339:    std::string output = buffer.str();
        1:  339-block  0
call    0 returned 1
branch  1 taken 1 (fallthrough)
branch  2 taken 0 (throw)
       1*:  340:    assert(output.find("Constructor de copiere apelat. Copiem filmul: Inception, SF, 2010, Leonardo DiCaprio") != std::string::npos);
        1:  340-block  0
call    0 returned 1
branch  1 taken 0 (fallthrough)
branch  2 taken 1
    %%%%%:  340-block  1
call    3 never executed
        -:  341:
        1:  342:    std::cout.rdbuf(prev);
        1:  342-block  0
call    0 returned 1
branch  1 taken 1 (fallthrough)
branch  2 taken 0 (throw)
        1:  343:}
        1:  343-block  0
call    0 returned 1
call    1 returned 1
call    2 returned 1
call    3 returned 1
    $$$$$:  343-block  1
call    4 never executed
    $$$$$:  343-block  2
call    5 never executed
    $$$$$:  343-block  3
call    6 never executed
    $$$$$:  343-block  4
call    7 never executed
        -:  344:
function _ZN5Teste21testOperatorAtribuireEv called 1 returned 100% blocks executed 64%
        1:  345:void Teste::testOperatorAtribuire() {
        1:  346:    MyList<int> l1;
        1:  346-block  0
call    0 returned 1
branch  1 taken 1 (fallthrough)
branch  2 taken 0 (throw)
        1:  347:    l1.add(10);
        1:  347-block  0
call    0 returned 1
branch  1 taken 1 (fallthrough)
branch  2 taken 0 (throw)
    $$$$$:  347-block  1
        1:  348:    l1.add(20);
        1:  348-block  0
call    0 returned 1
branch  1 taken 1 (fallthrough)
branch  2 taken 0 (throw)
    $$$$$:  348-block  1
        1:  349:    l1.add(30);
        1:  349-block  0
call    0 returned 1
branch  1 taken 1 (fallthrough)
branch  2 taken 0 (throw)
    $$$$$:  349-block  1
        -:  350:
        1:  351:    MyList<int> l2;
        1:  351-block  0
call    0 returned 1
branch  1 taken 1 (fallthrough)
branch  2 taken 0 (throw)
        1:  352:    l2 = l1; // folosim operatorul de atribuire
        1:  352-block  0
call    0 returned 1
branch  1 taken 1 (fallthrough)
branch  2 taken 0 (throw)
        -:  353:
        -:  354:    // verificăm că elementele au fost copiate corect
       1*:  355:    assert(l2.size() == 3);
        1:  355-block  0
call    0 returned 1
branch  1 taken 0 (fallthrough)
branch  2 taken 1
    %%%%%:  355-block  1
call    3 never executed
       1*:  356:    assert(l2[0] == 10);
        1:  356-block  0
call    0 returned 1
branch  1 taken 1 (fallthrough)
branch  2 taken 0 (throw)
        1:  356-block  1
branch  3 taken 0 (fallthrough)
branch  4 taken 1
    %%%%%:  356-block  2
call    5 never executed
       1*:  357:    assert(l2[1] == 20);
        1:  357-block  0
call    0 returned 1
branch  1 taken 1 (fallthrough)
branch  2 taken 0 (throw)
        1:  357-block  1
branch  3 taken 0 (fallthrough)
branch  4 taken 1
    %%%%%:  357-block  2
call    5 never executed
       1*:  358:    assert(l2[2] == 30);
        1:  358-block  0
call    0 returned 1
branch  1 taken 1 (fallthrough)
branch  2 taken 0 (throw)
        1:  358-block  1
branch  3 taken 0 (fallthrough)
branch  4 taken 1
    %%%%%:  358-block  2
call    5 never executed
        -:  359:
        -:  360:    // modificăm l2 și ne asigurăm că l1 nu e afectat
        1:  361:    l2[0] = 99;
        1:  361-block  0
call    0 returned 1
branch  1 taken 1 (fallthrough)
branch  2 taken 0 (throw)
       1*:  362:    assert(l1[0] == 10); // l1 rămâne neschimbat
        1:  362-block  0
call    0 returned 1
branch  1 taken 1 (fallthrough)
branch  2 taken 0 (throw)
        1:  362-block  1
branch  3 taken 0 (fallthrough)
branch  4 taken 1
    %%%%%:  362-block  2
call    5 never executed
       1*:  363:    assert(l2[0] == 99); // doar l2 s-a schimbat
        1:  363-block  0
call    0 returned 1
branch  1 taken 1 (fallthrough)
branch  2 taken 0 (throw)
        1:  363-block  1
branch  3 taken 0 (fallthrough)
branch  4 taken 1
    %%%%%:  363-block  2
call    5 never executed
        1:  364:}
        1:  364-block  0
call    0 returned 1
call    1 returned 1
    $$$$$:  364-block  1
call    2 never executed
    $$$$$:  364-block  2
call    3 never executed
        -:  365:
function _ZN5Teste19testMyListIteratorsEv called 1 returned 100% blocks executed 67%
        1:  366:void Teste::testMyListIterators() {
        1:  367:    MyList<int> lista;
        1:  367-block  0
call    0 returned 1
branch  1 taken 1 (fallthrough)
branch  2 taken 0 (throw)
        1:  368:    lista.add(1);
        1:  368-block  0
call    0 returned 1
branch  1 taken 1 (fallthrough)
branch  2 taken 0 (throw)
    $$$$$:  368-block  1
        1:  369:    lista.add(2);
        1:  369-block  0
call    0 returned 1
branch  1 taken 1 (fallthrough)
branch  2 taken 0 (throw)
    $$$$$:  369-block  1
        1:  370:    lista.add(3);
        1:  370-block  0
call    0 returned 1
branch  1 taken 1 (fallthrough)
branch  2 taken 0 (throw)
    $$$$$:  370-block  1
        -:  371:
        1:  372:    int suma = 0;
        4:  373:    for (auto it = lista.begin(); it != lista.end(); ++it) {
        1:  373-block  0
call    0 returned 1
        4:  373-block  1
call    1 returned 4
branch  2 taken 3
branch  3 taken 1 (fallthrough)
        3:  374:        suma += *it;
        3:  374-block  0
        -:  375:    }
        -:  376:
       1*:  377:    assert(suma == 6);  // 1 + 2 + 3
        1:  377-block  0
branch  0 taken 0 (fallthrough)
branch  1 taken 1
    %%%%%:  377-block  1
call    2 never executed
        1:  378:}
        1:  378-block  0
call    0 returned 1
    $$$$$:  378-block  1
call    1 never executed
        -:  379:
function _ZN5Teste16testSortariFilmeEv called 1 returned 100% blocks executed 48%
        1:  380:void Teste::testSortariFilme() {
        1:  381:    Repo repo;
        1:  381-block  0
call    0 returned 1
        1:  382:    Service service{repo};
call    0 returned 1
branch  1 taken 1 (fallthrough)
branch  2 taken 0 (throw)
        -:  383:
        2:  384:    Film f1{"Film Z", "Drama", 2010, "Actor B"};
        1:  384-block  0
call    0 returned 1
call    1 returned 1
branch  2 taken 1 (fallthrough)
branch  3 taken 0 (throw)
        1:  384-block  1
call    4 returned 1
call    5 returned 1
branch  6 taken 1 (fallthrough)
branch  7 taken 0 (throw)
        1:  384-block  2
call    8 returned 1
call    9 returned 1
branch 10 taken 1 (fallthrough)
branch 11 taken 0 (throw)
        1:  384-block  3
call   12 returned 1
branch 13 taken 1 (fallthrough)
branch 14 taken 0 (throw)
call   15 returned 1
call   16 returned 1
call   17 returned 1
call   18 returned 1
call   19 returned 1
    $$$$$:  384-block  4
    $$$$$:  384-block  5
    $$$$$:  384-block  6
    $$$$$:  384-block  7
    $$$$$:  384-block  8
    $$$$$:  384-block  9
[...]
call    1 never executed
        -:  650:
        1:  651:}
call    0 returned 1
call    1 returned 1
    $$$$$:  651-block  0
call    2 never executed
    $$$$$:  651-block  1
call    3 never executed
        -:  652:
function _Z15testSetteriFilmv called 1 returned 100% blocks executed 50%
        1:  653:void testSetteriFilm() {
        2:  654:    Film f{ "Matrix", "SF", 1999, "Keanu Reeves" };
        1:  654-block  0
call    0 returned 1
call    1 returned 1
branch  2 taken 1 (fallthrough)
branch  3 taken 0 (throw)
        1:  654-block  1
call    4 returned 1
call    5 returned 1
branch  6 taken 1 (fallthrough)
branch  7 taken 0 (throw)
        1:  654-block  2
call    8 returned 1
call    9 returned 1
branch 10 taken 1 (fallthrough)
branch 11 taken 0 (throw)
        1:  654-block  3
call   12 returned 1
branch 13 taken 1 (fallthrough)
branch 14 taken 0 (throw)
call   15 returned 1
call   16 returned 1
call   17 returned 1
call   18 returned 1
call   19 returned 1
    $$$$$:  654-block  4
    $$$$$:  654-block  5
    $$$$$:  654-block  6
    $$$$$:  654-block  7
    $$$$$:  654-block  8
    $$$$$:  654-block  9
        -:  655:
        1:  656:    f.setGen("Actiune");
call    0 returned 1
call    1 returned 1
branch  2 taken 1 (fallthrough)
branch  3 taken 0 (throw)
        1:  656-block  0
call    4 returned 1
branch  5 taken 1 (fallthrough)
branch  6 taken 0 (throw)
        1:  656-block  1
call    7 returned 1
call    8 returned 1
    $$$$$:  656-block  2
call    9 never executed
    $$$$$:  656-block  3
    $$$$$:  656-block  4
call   10 never executed
    $$$$$:  656-block  5
       1*:  657:    assert(f.getGen() == "Actiune");
call    0 returned 1
branch  1 taken 1 (fallthrough)
branch  2 taken 0 (throw)
        1:  657-block  0
call    3 returned 1
branch  4 taken 0 (fallthrough)
branch  5 taken 1
    %%%%%:  657-block  1
call    6 never executed
        -:  658:
        1:  659:    f.setAn(2000);
        1:  659-block  0
call    0 returned 1
       1*:  660:    assert(f.getAn() == 2000);
call    0 returned 1
branch  1 taken 1 (fallthrough)
branch  2 taken 0 (throw)
        1:  660-block  0
branch  3 taken 0 (fallthrough)
branch  4 taken 1
    %%%%%:  660-block  1
call    5 never executed
        -:  661:
        1:  662:    f.setActor("Laurence Fishburne");
        1:  662-block  0
call    0 returned 1
call    1 returned 1
branch  2 taken 1 (fallthrough)
branch  3 taken 0 (throw)
        1:  662-block  1
call    4 returned 1
branch  5 taken 1 (fallthrough)
branch  6 taken 0 (throw)
        1:  662-block  2
call    7 returned 1
call    8 returned 1
    $$$$$:  662-block  3
call    9 never executed
    $$$$$:  662-block  4
    $$$$$:  662-block  5
call   10 never executed
    $$$$$:  662-block  6
       1*:  663:    assert(f.getActor() == "Laurence Fishburne");
call    0 returned 1
branch  1 taken 1 (fallthrough)
branch  2 taken 0 (throw)
        1:  663-block  0
call    3 returned 1
branch  4 taken 0 (fallthrough)
branch  5 taken 1
    %%%%%:  663-block  1
call    6 never executed
        1:  664:}
        1:  664-block  0
call    0 returned 1
    $$$$$:  664-block  1
call    1 never executed
        -:  665:
function _Z23testRepoNouFaraExceptiiv called 1 returned 100% blocks executed 47%
        1:  666:void testRepoNouFaraExceptii() {
        1:  667:    RepoNou repo(0.0f); // Probabilitate 0 => nu se aruncă excepții
        1:  667-block  0
call    0 returned 1
branch  1 taken 1 (fallthrough)
branch  2 taken 0 (throw)
        -:  668:
        2:  669:    Film f1("Matrix", "SF", 1999, "Keanu Reeves");
        1:  669-block  0
call    0 returned 1
call    1 returned 1
branch  2 taken 1 (fallthrough)
branch  3 taken 0 (throw)
        1:  669-block  1
call    4 returned 1
call    5 returned 1
branch  6 taken 1 (fallthrough)
branch  7 taken 0 (throw)
        1:  669-block  2
call    8 returned 1
call    9 returned 1
branch 10 taken 1 (fallthrough)
branch 11 taken 0 (throw)
        1:  669-block  3
call   12 returned 1
branch 13 taken 1 (fallthrough)
branch 14 taken 0 (throw)
call   15 returned 1
call   16 returned 1
call   17 returned 1
call   18 returned 1
call   19 returned 1
    $$$$$:  669-block  4
    $$$$$:  669-block  5
    $$$$$:  669-block  6
    $$$$$:  669-block  7
    $$$$$:  669-block  8
    $$$$$:  669-block  9
        2:  670:    Film f2("Titanic", "Drama", 1997, "Leonardo DiCaprio");
call    0 returned 1
call    1 returned 1
branch  2 taken 1 (fallthrough)
branch  3 taken 0 (throw)
        1:  670-block  0
call    4 returned 1
call    5 returned 1
branch  6 taken 1 (fallthrough)
branch  7 taken 0 (throw)
        1:  670-block  1
call    8 returned 1
call    9 returned 1
branch 10 taken 1 (fallthrough)
branch 11 taken 0 (throw)
        1:  670-block  2
call   12 returned 1
branch 13 taken 1 (fallthrough)
branch 14 taken 0 (throw)
call   15 returned 1
call   16 returned 1
call   17 returned 1
call   18 returned 1
call   19 returned 1
    $$$$$:  670-block  3
    $$$$$:  670-block  4
    $$$$$:  670-block  5
    $$$$$:  670-block  6
    $$$$$:  670-block  7
    $$$$$:  670-block  8
        -:  671:
        1:  672:    repo.adauga(f1);
call    0 returned 1
branch  1 taken 1 (fallthrough)
branch  2 taken 0 (throw)
        1:  673:    repo.adauga(f2);
        1:  673-block  0
call    0 returned 1
branch  1 taken 1 (fallthrough)
branch  2 taken 0 (throw)
        -:  674:
       1*:  675:    assert(repo.getAll().size() == 2);
        1:  675-block  0
call    0 returned 1
call    1 returned 1
branch  2 taken 0 (fallthrough)
branch  3 taken 1
    %%%%%:  675-block  1
call    4 never executed
       1*:  676:    assert(repo.cauta("Matrix", 1999).getActor() == "Keanu Reeves");
        1:  676-block  0
call    0 returned 1
call    1 returned 1
branch  2 taken 1 (fallthrough)
branch  3 taken 0 (throw)
        1:  676-block  1
call    4 returned 1
branch  5 taken 1 (fallthrough)
branch  6 taken 0 (throw)
        1:  676-block  2
call    7 returned 1
branch  8 taken 1 (fallthrough)
branch  9 taken 0 (throw)
        1:  676-block  3
call   10 returned 1
branch 11 taken 0 (fallthrough)
branch 12 taken 1
    %%%%%:  676-block  4
call   13 never executed
        1:  676-block  5
call   14 returned 1
call   15 returned 1
    $$$$$:  676-block  6
call   16 never executed
    $$$$$:  676-block  7
    $$$$$:  676-block  8
call   17 never executed
    $$$$$:  676-block  9
        -:  677:
        1:  678:    repo.modifica("Matrix", 1999, "Actiune", 2000, "Laurence Fishburne");
call    0 returned 1
call    1 returned 1
branch  2 taken 1 (fallthrough)
branch  3 taken 0 (throw)
        1:  678-block  0
call    4 returned 1
call    5 returned 1
branch  6 taken 1 (fallthrough)
branch  7 taken 0 (throw)
        1:  678-block  1
call    8 returned 1
call    9 returned 1
branch 10 taken 1 (fallthrough)
branch 11 taken 0 (throw)
        1:  678-block  2
call   12 returned 1
branch 13 taken 1 (fallthrough)
branch 14 taken 0 (throw)
        1:  678-block  3
call   15 returned 1
call   16 returned 1
call   17 returned 1
call   18 returned 1
call   19 returned 1
call   20 returned 1
    $$$$$:  678-block  4
call   21 never executed
    $$$$$:  678-block  5
    $$$$$:  678-block  6
call   22 never executed
    $$$$$:  678-block  7
    $$$$$:  678-block  8
call   23 never executed
    $$$$$:  678-block  9
    $$$$$:  678-block 10
call   24 never executed
    $$$$$:  678-block 11
    $$$$$:  678-block 12
call   25 never executed
    $$$$$:  678-block 13
    $$$$$:  678-block 14
call   26 never executed
    $$$$$:  678-block 15
       1*:  679:    assert(repo.cauta("Matrix", 2000).getGen() == "Actiune");
call    0 returned 1
call    1 returned 1
branch  2 taken 1 (fallthrough)
branch  3 taken 0 (throw)
        1:  679-block  0
call    4 returned 1
branch  5 taken 1 (fallthrough)
branch  6 taken 0 (throw)
        1:  679-block  1
call    7 returned 1
branch  8 taken 1 (fallthrough)
branch  9 taken 0 (throw)
        1:  679-block  2
call   10 returned 1
branch 11 taken 0 (fallthrough)
branch 12 taken 1
    %%%%%:  679-block  3
call   13 never executed
        1:  679-block  4
call   14 returned 1
call   15 returned 1
    $$$$$:  679-block  5
call   16 never executed
    $$$$$:  679-block  6
    $$$$$:  679-block  7
call   17 never executed
    $$$$$:  679-block  8
        -:  680:
        1:  681:    repo.sterge("Titanic", 1997);
call    0 returned 1
call    1 returned 1
branch  2 taken 1 (fallthrough)
branch  3 taken 0 (throw)
        1:  681-block  0
call    4 returned 1
branch  5 taken 1 (fallthrough)
branch  6 taken 0 (throw)
        1:  681-block  1
call    7 returned 1
call    8 returned 1
    $$$$$:  681-block  2
call    9 never executed
    $$$$$:  681-block  3
    $$$$$:  681-block  4
call   10 never executed
    $$$$$:  681-block  5
       1*:  682:    assert(repo.getAll().size() == 1);
call    0 returned 1
call    1 returned 1
branch  2 taken 0 (fallthrough)
branch  3 taken 1
    %%%%%:  682-block  0
call    4 never executed
        1:  683:}
        1:  683-block  0
call    0 returned 1
call    1 returned 1
call    2 returned 1
    $$$$$:  683-block  1
call    3 never executed
    $$$$$:  683-block  2
call    4 never executed
    $$$$$:  683-block  3
call    5 never executed
        -:  684:
function _Z21testRepoNouCuExceptiiv called 1 returned 100% blocks executed 63%
        1:  685:void testRepoNouCuExceptii() {
        1:  686:    RepoNou repo(1.0f); // Probabilitate 1 => întotdeauna se aruncă excepții
        1:  686-block  0
call    0 returned 1
branch  1 taken 1 (fallthrough)
branch  2 taken 0 (throw)
        -:  687:
        2:  688:    Film f("Inception", "SF", 2010, "Leonardo DiCaprio");
        1:  688-block  0
call    0 returned 1
call    1 returned 1
branch  2 taken 1 (fallthrough)
branch  3 taken 0 (throw)
        1:  688-block  1
call    4 returned 1
call    5 returned 1
branch  6 taken 1 (fallthrough)
branch  7 taken 0 (throw)
        1:  688-block  2
call    8 returned 1
call    9 returned 1
branch 10 taken 1 (fallthrough)
branch 11 taken 0 (throw)
        1:  688-block  3
call   12 returned 1
branch 13 taken 1 (fallthrough)
branch 14 taken 0 (throw)
call   15 returned 1
call   16 returned 1
call   17 returned 1
call   18 returned 1
call   19 returned 1
    $$$$$:  688-block  4
    $$$$$:  688-block  5
    $$$$$:  688-block  6
    $$$$$:  688-block  7
    $$$$$:  688-block  8
    $$$$$:  688-block  9
        -:  689:
        -:  690:    try {
        1:  691:        repo.adauga(f);
call    0 returned 1
branch  1 taken 0 (fallthrough)
branch  2 taken 1 (throw)
    #####:  692:        assert(false); // Nu ar trebui să ajungă aici
    %%%%%:  692-block  0
call    0 never executed
        1:  693:    } catch (const RepositoryException& e) {
        1:  693-block  0
branch  0 taken 0 (fallthrough)
branch  1 taken 1
        1:  693-block  1
call    2 returned 1
        -:  694:        assert(true);  // Excepția a fost aruncată
        1:  695:    }
call    0 returned 1
branch  1 taken 1 (fallthrough)
branch  2 taken 0 (throw)
        -:  696:
        -:  697:    try {
        7:  698:        repo.modifica("Inception", 2010, "Thriller", 2011, "Tom Hardy");
        1:  698-block  0
call    0 returned 1
call    1 returned 1
branch  2 taken 1 (fallthrough)
branch  3 taken 0 (throw)
        1:  698-block  1
call    4 returned 1
call    5 returned 1
branch  6 taken 1 (fallthrough)
branch  7 taken 0 (throw)
        1:  698-block  2
call    8 returned 1
call    9 returned 1
branch 10 taken 1 (fallthrough)
branch 11 taken 0 (throw)
        1:  698-block  3
call   12 returned 1
branch 13 taken 0 (fallthrough)
branch 14 taken 1 (throw)
    $$$$$:  698-block  4
call   15 never executed
call   16 never executed
call   17 never executed
call   18 never executed
call   19 never executed
call   20 never executed
        1:  698-block  5
call   21 returned 1
        1:  698-block  6
        1:  698-block  7
call   22 returned 1
        1:  698-block  8
        1:  698-block  9
call   23 returned 1
        1:  698-block 10
        1:  698-block 11
call   24 returned 1
        1:  698-block 12
        1:  698-block 13
call   25 returned 1
        1:  698-block 14
        1:  698-block 15
call   26 returned 1
        1:  698-block 16
    =====:  699:        assert(false);
call    0 never executed
        1:  700:    } catch (const RepositoryException&) {
        1:  700-block  0
branch  0 taken 0 (fallthrough)
branch  1 taken 1
        1:  700-block  1
call    2 returned 1
        -:  701:        assert(true);
        1:  702:    }
call    0 returned 1
branch  1 taken 1 (fallthrough)
branch  2 taken 0 (throw)
        -:  703:
        -:  704:    try {
        3:  705:        repo.sterge("Inception", 2010);
        1:  705-block  0
call    0 returned 1
call    1 returned 1
branch  2 taken 1 (fallthrough)
branch  3 taken 0 (throw)
        1:  705-block  1
call    4 returned 1
branch  5 taken 0 (fallthrough)
branch  6 taken 1 (throw)
    $$$$$:  705-block  2
call    7 never executed
call    8 never executed
        1:  705-block  3
call    9 returned 1
        1:  705-block  4
        1:  705-block  5
call   10 returned 1
        1:  705-block  6
    =====:  706:        assert(false);
call    0 never executed
        1:  707:    } catch (const RepositoryException&) {
        1:  707-block  0
branch  0 taken 0 (fallthrough)
branch  1 taken 1
        1:  707-block  1
call    2 returned 1
        -:  708:        assert(true);
        1:  709:    }
call    0 returned 1
branch  1 taken 1 (fallthrough)
branch  2 taken 0 (throw)
        1:  710:}
        1:  710-block  0
call    0 returned 1
call    1 returned 1
    $$$$$:  710-block  1
call    2 never executed
    $$$$$:  710-block  2
call    3 never executed
        -:  711:
function _Z7testSetv called 1 returned 100% blocks executed 45%
        1:  712:void testSet(){
        1:  713:    RepoNou repo(0.0f);
        1:  713-block  0
call    0 returned 1
branch  1 taken 1 (fallthrough)
branch  2 taken 0 (throw)
        -:  714:
        -:  715:    std::vector<Film> filmeNoi = {
        -:  716:        Film("Matrix", "SF", 1999, "Keanu Reeves"),
        -:  717:        Film("Inception", "SF", 2010, "Leonardo DiCaprio")
        5:  718:    };
        1:  718-block  0
call    0 returned 1
call    1 returned 1
branch  2 taken 1 (fallthrough)
branch  3 taken 0 (throw)
        1:  718-block  1
call    4 returned 1
call    5 returned 1
branch  6 taken 1 (fallthrough)
branch  7 taken 0 (throw)
        1:  718-block  2
call    8 returned 1
call    9 returned 1
branch 10 taken 1 (fallthrough)
branch 11 taken 0 (throw)
        1:  718-block  3
call   12 returned 1
branch 13 taken 1 (fallthrough)
branch 14 taken 0 (throw)
        1:  718-block  4
call   15 returned 1
call   16 returned 1
branch 17 taken 1 (fallthrough)
branch 18 taken 0 (throw)
        1:  718-block  5
call   19 returned 1
call   20 returned 1
branch 21 taken 1 (fallthrough)
branch 22 taken 0 (throw)
        1:  718-block  6
call   23 returned 1
call   24 returned 1
branch 25 taken 1 (fallthrough)
branch 26 taken 0 (throw)
        1:  718-block  7
call   27 returned 1
branch 28 taken 1 (fallthrough)
branch 29 taken 0 (throw)
        1:  718-block  8
call   30 returned 1
call   31 returned 1
branch 32 taken 1 (fallthrough)
branch 33 taken 0 (throw)
        2:  718-block  9
call   34 returned 2
        1:  718-block 10
call   35 returned 1
call   36 returned 1
call   37 returned 1
call   38 returned 1
call   39 returned 1
call   40 returned 1
call   41 returned 1
call   42 returned 1
call   43 returned 1
call   44 returned 1
call   45 returned 1
call   46 returned 1
    $$$$$:  718-block 11
    $$$$$:  718-block 12
    $$$$$:  718-block 13
call   47 never executed
    $$$$$:  718-block 14
    $$$$$:  718-block 15
    $$$$$:  718-block 16
    $$$$$:  718-block 17
    $$$$$:  718-block 18
    $$$$$:  718-block 19
    $$$$$:  718-block 20
    $$$$$:  718-block 21
    $$$$$:  718-block 22
    $$$$$:  718-block 23
    $$$$$:  718-block 24
    $$$$$:  718-block 25
    $$$$$:  718-block 26
        -:  719:
        -:  720:    try {
        1:  721:        repo.setAll(filmeNoi);
call    0 returned 1
        -:  722:        assert(true);
        -:  723:    } catch (const RepositoryException& e) {
        -:  724:        assert(false);
        -:  725:    }
        1:  726:}
call    0 returned 1
call    1 returned 1
    $$$$$:  726-block  0
call    2 never executed
        -:  727:
function _Z10testconstrv called 1 returned 100% blocks executed 67%
        1:  728:void testconstr(){
        -:  729:    try {
        1:  730:        RepoNou repo(-0.5f); // Probabilitatea este mai mică decât 0 => trebuie să fie aruncată o excepție
        1:  730-block  0
call    0 returned 1
branch  1 taken 0 (fallthrough)
branch  2 taken 1 (throw)
    #####:  731:        assert(false); // Nu ar trebui să ajungem aici
    %%%%%:  731-block  0
call    0 never executed
        1:  732:    } catch (const std::invalid_argument& e) {
        1:  732-block  0
branch  0 taken 0 (fallthrough)
branch  1 taken 1
        1:  732-block  1
call    2 returned 1
        -:  733:        // Excepția a fost aruncată corect, validăm mesajul
        -:  734:        assert(true);
        1:  735:        assert(std::string(e.what()) == "Probabilitatea trebuie sa fie intre 0 si 1.");
call    0 returned 1
call    1 returned 1
call    2 returned 1
branch  3 taken 1 (fallthrough)
branch  4 taken 0 (throw)
        1:  735-block  0
call    5 returned 1
branch  6 taken 0 (fallthrough)
branch  7 taken 1
    $$$$$:  735-block  1
call    8 never executed
        1:  735-block  2
call    9 returned 1
call   10 returned 1
    $$$$$:  735-block  3
call   11 never executed
    $$$$$:  735-block  4
        1:  736:    }
call    0 returned 1
    $$$$$:  736-block  0
call    1 never executed
        1:  737:}
        -:  738:
function _ZN5Teste12ruleazaTesteEv called 1 returned 100% blocks executed 100%
        1:  739:void Teste::ruleazaTeste() {
        1:  740:    testFilm();
        1:  740-block  0
call    0 returned 1
        1:  741:    testRepo();
call    0 returned 1
        1:  742:    testService();
call    0 returned 1
        1:  743:    testRepoModifica();
call    0 returned 1
        1:  744:    testServiceModificaFilm();
call    0 returned 1
        1:  745:    testValidator();
call    0 returned 1
        1:  746:    testCautare();
call    0 returned 1
        1:  747:    testFiltrare();
call    0 returned 1
        1:  748:    testMyListAdd();
call    0 returned 1
        1:  749:    testMyListRemove();
call    0 returned 1
        1:  750:    testMyListUpdate();
call    0 returned 1
        1:  751:    testMyListOperatorIndex();
call    0 returned 1
        1:  752:    testMyListCapacity();
call    0 returned 1
        1:  753:    testMyListCopyConstructor();
call    0 returned 1
        1:  754:    testConstructorCopiere();
call    0 returned 1
        1:  755:    testOperatorAtribuire();
call    0 returned 1
        1:  756:    testMyListIterators();
call    0 returned 1
        1:  757:    testSortariFilme();
call    0 returned 1
        1:  758:    test_move_assignment();
call    0 returned 1
        1:  759:    test_move_constructor();
call    0 returned 1
        1:  760:    testCosFilme();
call    0 returned 1
        1:  761:    testCosInchirieriService();
call    0 returned 1
        1:  762:    test_readAllFromFile();
call    0 returned 1
        1:  763:    test_writeAllToFile();
call    0 returned 1
        1:  764:    testUndo();
call    0 returned 1
        1:  765:    testSetteriFilm();
call    0 returned 1
        1:  766:    testRepoNouFaraExceptii();
call    0 returned 1
        1:  767:    testRepoNouCuExceptii();
call    0 returned 1
        1:  768:    testSet();
call    0 returned 1
        1:  769:    testconstr();
call    0 returned 1
        -:  770:
        1:  771:    std::cout << "Toate testele au trecut!\n";
call    0 returned 1
        1:  772:}
