        -:    0:Source:C:/Users/urdad/lab6_7/main.cpp
        -:    0:Graph:C:\Users\urdad\lab6_7\cmake-build-debug-coverage\CMakeFiles\lab6_7.dir\main.cpp.gcno
        -:    0:Data:C:\Users\urdad\lab6_7\cmake-build-debug-coverage\CMakeFiles\lab6_7.dir\main.cpp.gcda
        -:    0:Runs:1
        -:    1:#include "teste.h"
        -:    2:#include "ui.h"
        -:    3:#include "validator.h"
        -:    4:#include "CosFilme.h"
        -:    5:#include "gui.h"
        -:    6:#include <fstream>
        -:    7:
        -:    8:#include <QApplication>
        -:    9:#include <QWidget>
        -:   10:
        -:   11:
function main called 1 returned 100% blocks executed 54%
        1:   12:int main(int argc,char *argv[]) {
        -:   13:
        1:   14:    Teste::ruleazaTeste();
        1:   14-block  0
call    0 returned 1
branch  1 taken 1 (fallthrough)
branch  2 taken 0 (throw)
        -:   15:
        1:   16:    QApplication app(argc, argv);
        1:   16-block  0
call    0 returned 1
branch  1 taken 1 (fallthrough)
branch  2 taken 0 (throw)
        -:   17:
        1:   18:    Repo repo;
        1:   19:    RepoNou repo_nou{0};
        1:   19-block  0
call    0 returned 1
branch  1 taken 1 (fallthrough)
branch  2 taken 0 (throw)
        1:   20:    RepoFile repo_file{"filme1.txt"};
        1:   20-block  0
call    0 returned 1
branch  1 taken 1 (fallthrough)
branch  2 taken 0 (throw)
        1:   20-block  1
call    3 returned 1
branch  4 taken 1 (fallthrough)
branch  5 taken 0 (throw)
        1:   20-block  2
call    6 returned 1
    $$$$$:   20-block  3
call    7 never executed
    $$$$$:   20-block  4
    $$$$$:   20-block  5
        -:   21:    Validator validator;
        1:   22:    CosFilm cosInchiriei;
        1:   23:    Service service{ repo_file, validator, cosInchiriei };
        1:   23-block  0
call    0 returned 1
        -:   24:    // UI ui{ service };
        -:   25:    // ui.run();
        -:   26:    // return 0;
        1:   27:     GUI gui(service);
call    0 returned 1
branch  1 taken 1 (fallthrough)
branch  2 taken 0 (throw)
        1:   28:     gui.setWindowTitle("Film Management");
        1:   28-block  0
call    0 returned 1
branch  1 taken 1 (fallthrough)
branch  2 taken 0 (throw)
        1:   28-block  1
call    3 returned 1
branch  4 taken 1 (fallthrough)
branch  5 taken 0 (throw)
        1:   28-block  2
call    6 returned 1
    $$$$$:   28-block  3
call    7 never executed
    $$$$$:   28-block  4
        1:   29:     gui.show();
call    0 returned 1
branch  1 taken 1 (fallthrough)
branch  2 taken 0 (throw)
        -:   30:
        1:   31:    return app.exec();
        1:   31-block  0
call    0 returned 1
branch  1 taken 1 (fallthrough)
branch  2 taken 0 (throw)
        1:   31-block  1
        1:   32:}
        1:   32-block  0
call    0 returned 1
call    1 returned 1
call    2 returned 1
call    3 returned 1
call    4 returned 1
call    5 returned 1
call    6 returned 1
    $$$$$:   32-block  1
call    7 never executed
    $$$$$:   32-block  2
call    8 never executed
    $$$$$:   32-block  3
call    9 never executed
    $$$$$:   32-block  4
call   10 never executed
    $$$$$:   32-block  5
call   11 never executed
    $$$$$:   32-block  6
call   12 never executed
    $$$$$:   32-block  7
call   13 never executed
