        -:    0:Source:C:/Users/urdad/lab6_7/domain.h
        -:    0:Graph:C:\Users\urdad\lab6_7\cmake-build-debug-coverage\CMakeFiles\lab6_7.dir\main.cpp.gcno
        -:    0:Data:C:\Users\urdad\lab6_7\cmake-build-debug-coverage\CMakeFiles\lab6_7.dir\main.cpp.gcda
        -:    0:Runs:1
        -:    1:
        -:    2:
        -:    3:#ifndef DOMAIN_H
        -:    4:#define DOMAIN_H
        -:    5:
        -:    6:#include <string>
        -:    7:
        -:    8:class Film {
        -:    9:private:
        -:   10:    std::string titlu, gen, actor_principal;
        -:   11:    int an;
        -:   12:public:
function _ZN4FilmC1Ev called 8 returned 100% blocks executed 54%
       56:   13:    Film() : titlu(""), gen(""), an(0), actor_principal("") {}
        8:   13-block  0
        8:   13-block  1
call    0 returned 8
branch  1 taken 8 (fallthrough)
branch  2 taken 0 (throw)
        8:   13-block  2
        8:   13-block  3
call    3 returned 8
branch  4 taken 8 (fallthrough)
branch  5 taken 0 (throw)
        8:   13-block  4
        8:   13-block  5
call    6 returned 8
branch  7 taken 8 (fallthrough)
branch  8 taken 0 (throw)
        8:   13-block  6
    $$$$$:   13-block  7
call    9 never executed
    $$$$$:   13-block  8
    $$$$$:   13-block  9
    $$$$$:   13-block 10
call   10 never executed
    $$$$$:   13-block 11
call   11 never executed
        -:   14:    Film(const std::string& titlu, const std::string& gen, int an, const std::string& actor);
        -:   15:    Film(const Film& other);
        -:   16:
        -:   17:    const std::string& getTitlu() const;
function _ZN4Film6setGenERKNSt7__cxx1112basic_stringIcSt11char_traitsIcESaIcEEE called 2 returned 100% blocks executed 100%
        2:   18:    void setGen(const std::string& nouGen) { gen = nouGen; }
        2:   18-block  0
call    0 returned 2
        -:   19:    const std::string& getGen() const;
function _ZN4Film5setAnEi called 2 returned 100% blocks executed 100%
        2:   20:    void setAn(const int nouAn) { an = nouAn; }
        -:   21:    int getAn() const;
function _ZN4Film8setActorERKNSt7__cxx1112basic_stringIcSt11char_traitsIcESaIcEEE called 2 returned 100% blocks executed 100%
        2:   22:    void setActor(const std::string& nouActor) { actor_principal = nouActor; }
        2:   22-block  0
call    0 returned 2
        -:   23:    const std::string& getActor() const;
        -:   24:
        -:   25:    bool operator==(const Film& other) const;
     250*:   26:    virtual ~Film() = default;
------------------
_ZN4FilmD0Ev:
function _ZN4FilmD0Ev called 0 returned 0% blocks executed 0%
    #####:   26:    virtual ~Film() = default;
    %%%%%:   26-block  0
call    0 never executed
call    1 never executed
------------------
_ZN4FilmD1Ev:
function _ZN4FilmD1Ev called 250 returned 100% blocks executed 100%
      250:   26:    virtual ~Film() = default;
      250:   26-block  0
call    0 returned 250
call    1 returned 250
call    2 returned 250
------------------
        -:   27:};
        -:   28:
        -:   29:
        -:   30:
        -:   31:
        -:   32:
        -:   33:
        -:   34:
        -:   35:
        -:   36:
        -:   37:#endif //DOMAIN_H
